Log file open, 08/31/18 10:58:47
LogWindows: Failed to load 'aqProf.dll' (GetLastError=126)
LogWindows: File 'aqProf.dll' does not exist
LogWindows: Failed to load 'VSPerf140.dll' (GetLastError=126)
LogWindows: File 'VSPerf140.dll' does not exist
LogWindows: Failed to load 'VtuneApi.dll' (GetLastError=126)
LogWindows: File 'VtuneApi.dll' does not exist
LogWindows: Failed to load 'VtuneApi32e.dll' (GetLastError=126)
LogWindows: File 'VtuneApi32e.dll' does not exist
LogInit: Display: Running engine for game: HoopBall
LogPlatformFile: Not using cached read wrapper
LogTaskGraph: Started task graph with 5 named threads and 23 total threads with 3 sets of task threads.
LogStats: Stats thread started at 5.434538
LogD3D11RHI: Loaded GFSDK_Aftermath_Lib.x64.dll
LogICUInternationalization: Display: ICU TimeZone Detection - Raw Offset: +2:00, Platform Override: ''
LogPluginManager: Mounting plugin Paper2D
LogPluginManager: Mounting plugin AISupport
LogPluginManager: Mounting plugin LightPropagationVolume
LogPluginManager: Mounting plugin CLionSourceCodeAccess
LogPluginManager: Mounting plugin CodeLiteSourceCodeAccess
LogPluginManager: Mounting plugin GitSourceControl
LogPluginManager: Mounting plugin KDevelopSourceCodeAccess
LogPluginManager: Mounting plugin NullSourceCodeAccess
LogPluginManager: Mounting plugin PerforceSourceControl
LogPluginManager: Mounting plugin SubversionSourceControl
LogPluginManager: Mounting plugin UObjectPlugin
LogPluginManager: Mounting plugin VisualStudioCodeSourceCodeAccess
LogPluginManager: Mounting plugin VisualStudioSourceCodeAccess
LogPluginManager: Mounting plugin XCodeSourceCodeAccess
LogPluginManager: Mounting plugin AssetManagerEditor
LogPluginManager: Mounting plugin CryptoKeys
LogPluginManager: Mounting plugin DataValidation
LogPluginManager: Mounting plugin FacialAnimation
LogPluginManager: Mounting plugin GameplayTagsEditor
LogPluginManager: Mounting plugin MacGraphicsSwitching
LogPluginManager: Mounting plugin MeshEditor
LogPluginManager: Mounting plugin MobileLauncherProfileWizard
LogPluginManager: Mounting plugin PluginBrowser
LogPluginManager: Mounting plugin SpeedTreeImporter
LogPluginManager: Mounting plugin DatasmithContent
LogPluginManager: Mounting plugin AlembicImporter
LogPluginManager: Mounting plugin AppleImageUtils
LogPluginManager: Mounting plugin AppleVision
LogPluginManager: Mounting plugin BackChannel
LogPluginManager: Mounting plugin CharacterAI
LogPluginManager: Mounting plugin GeometryCache
LogPluginManager: Mounting plugin HTML5Networking
LogPluginManager: Mounting plugin ProxyLODPlugin
LogPluginManager: Mounting plugin MagicLeap
LogPluginManager: Mounting plugin MagicLeapEmulator
LogPluginManager: Mounting plugin MagicLeapMedia
LogPluginManager: Mounting plugin gameDNAinstaller
LogPluginManager: Mounting plugin AndroidMedia
LogPluginManager: Mounting plugin AvfMedia
LogPluginManager: Mounting plugin ImgMedia
LogPluginManager: Mounting plugin LinearTimecode
LogPluginManager: Mounting plugin MediaCompositing
LogPluginManager: Mounting plugin MediaPlayerEditor
LogPluginManager: Mounting plugin WmfMedia
LogPluginManager: Mounting plugin TcpMessaging
LogPluginManager: Mounting plugin UdpMessaging
LogPluginManager: Mounting plugin ActorSequence
LogPluginManager: Mounting plugin LevelSequenceEditor
LogPluginManager: Mounting plugin MatineeToLevelSequence
LogPluginManager: Mounting plugin NetcodeUnitTest
LogPluginManager: Mounting plugin NUTUnrealEngine4
LogPluginManager: Mounting plugin OnlineSubsystemGooglePlay
LogPluginManager: Mounting plugin OnlineSubsystemIOS
LogPluginManager: Mounting plugin OnlineSubsystem
LogPluginManager: Mounting plugin OnlineSubsystemNull
LogPluginManager: Mounting plugin OnlineSubsystemUtils
LogPluginManager: Mounting plugin LauncherChunkInstaller
LogPluginManager: Mounting plugin AndroidDeviceProfileSelector
LogPluginManager: Mounting plugin AndroidMoviePlayer
LogPluginManager: Mounting plugin AndroidPermission
LogPluginManager: Mounting plugin AppleMoviePlayer
LogPluginManager: Mounting plugin ArchVisCharacter
LogPluginManager: Mounting plugin AudioCapture
LogPluginManager: Mounting plugin CableComponent
LogPluginManager: Mounting plugin CustomMeshComponent
LogPluginManager: Mounting plugin EditableMesh
LogPluginManager: Mounting plugin ExampleDeviceProfileSelector
LogPluginManager: Mounting plugin GoogleCloudMessaging
LogPluginManager: Mounting plugin ImmediatePhysics
LogPluginManager: Mounting plugin IOSDeviceProfileSelector
LogPluginManager: Mounting plugin LinuxDeviceProfileSelector
LogPluginManager: Mounting plugin LocationServicesBPLibrary
LogPluginManager: Mounting plugin MobilePatchingUtils
LogPluginManager: Mounting plugin OculusVR
LogPluginManager: Plugin shader directory ../../../Engine/Plugins/Runtime/Oculus/OculusVR/Shaders found
LogPluginManager: Mapping shader source directory ../../../Engine/Plugins/Runtime/Oculus/OculusVR/Shaders to virtual directory /Plugin/OculusVR
LogPluginManager: Mounting plugin PhysXVehicles
LogPluginManager: Mounting plugin ProceduralMeshComponent
LogPluginManager: Mounting plugin RuntimePhysXCooking
LogPluginManager: Mounting plugin SteamVR
LogPluginManager: Mounting plugin WindowsMoviePlayer
LogStreaming: Display: Took  0.365s to configure plugins.
LogInit: Using libcurl 7.55.1-DEV
LogInit:  - built for x86_64-pc-win32
LogInit:  - supports SSL with OpenSSL/1.0.2h
LogInit:  - supports HTTP deflate (compression) using libz 1.2.8
LogInit:  - other features:
LogInit:      CURL_VERSION_SSL
LogInit:      CURL_VERSION_LIBZ
LogInit:      CURL_VERSION_IPV6
LogInit:      CURL_VERSION_ASYNCHDNS
LogInit:      CURL_VERSION_LARGEFILE
LogInit:      CURL_VERSION_IDN
LogInit:  CurlRequestOptions (configurable via config and command line):
LogInit:  - bVerifyPeer = false  - Libcurl will NOT verify peer certificate
LogInit:  - bUseHttpProxy = false  - Libcurl will NOT use HTTP proxy
LogInit:  - bDontReuseConnections = false  - Libcurl will reuse connections
LogInit:  - CertBundlePath = nullptr  - Libcurl will use whatever was configured at build time.
LogInit:  - MaxHostConnections = 16  - Libcurl will limit the number of connections to a host
LogInit:  - LocalHostAddr = Default
LogInit:  - BufferSize = 65536
LogInit: WinSock: version 1.1 (2.2), MaxSocks=32767, MaxUdp=65467
LogInit: Build: ++UE4+Release-4.20-CL-4302132
LogInit: Engine Version: 4.20.2-4302132+++UE4+Release-4.20
LogInit: Compatible Engine Version: 4.20.0-4212847+++UE4+Release-4.20
LogInit: Net CL: 4212847
LogInit: OS: Windows 7 (Service Pack 1), CPU:         Intel(R) Core(TM) i7-3820 CPU @ 3.60GHz, GPU: NVIDIA GeForce GTX 1070
LogInit: Compiled (64-bit): Aug 21 2018 02:06:06
LogInit: Compiled with Visual C++: 19.13.26129.00
LogInit: Build Configuration: Development
LogInit: Branch Name: ++UE4+Release-4.20
LogInit: Command Line:  
LogInit: Base Directory: L:/Program Files/Epic Games/UE_4.20/Engine/Binaries/Win64/
LogInit: Installed Engine Build: 1
LogDevObjectVersion: Number of dev versions registered: 20
LogDevObjectVersion:   Dev-Blueprints (B0D832E4-1F89-4F0D-ACCF-7EB736FD4AA2): 10
LogDevObjectVersion:   Dev-Build (E1C64328-A22C-4D53-A36C-8E866417BD8C): 0
LogDevObjectVersion:   Dev-Core (375EC13C-06E4-48FB-B500-84F0262A717E): 2
LogDevObjectVersion:   Dev-Editor (E4B068ED-F494-42E9-A231-DA0B2E46BB41): 24
LogDevObjectVersion:   Dev-Framework (CFFC743F-43B0-4480-9391-14DF171D2073): 34
LogDevObjectVersion:   Dev-Mobile (B02B49B5-BB20-44E9-A304-32B752E40360): 2
LogDevObjectVersion:   Dev-Networking (A4E4105C-59A1-49B5-A7C5-40C4547EDFEE): 0
LogDevObjectVersion:   Dev-Online (39C831C9-5AE6-47DC-9A44-9C173E1C8E7C): 0
LogDevObjectVersion:   Dev-Physics (78F01B33-EBEA-4F98-B9B4-84EACCB95AA2): 0
LogDevObjectVersion:   Dev-Platform (6631380F-2D4D-43E0-8009-CF276956A95A): 0
LogDevObjectVersion:   Dev-Rendering (12F88B9F-8875-4AFC-A67C-D90C383ABD29): 26
LogDevObjectVersion:   Dev-Sequencer (7B5AE74C-D270-4C10-A958-57980B212A5A): 9
LogDevObjectVersion:   Dev-VR (D7296918-1DD6-4BDD-9DE2-64A83CC13884): 2
LogDevObjectVersion:   Dev-LoadTimes (C2A15278-BFE7-4AFE-6C17-90FF531DF755): 1
LogDevObjectVersion:   Private-Geometry (6EACA3D4-40EC-4CC1-B786-8BED09428FC5): 3
LogDevObjectVersion:   Dev-AnimPhys (29E575DD-E0A3-4627-9D10-D276232CDCEA): 17
LogDevObjectVersion:   Dev-ReflectionCapture (6B266CEC-1EC7-4B8F-A30B-E4D90942FC07): 1
LogDevObjectVersion:   Dev-Automation (0DF73D61-A23F-47EA-B727-89E90C41499A): 1
LogDevObjectVersion:   FortniteMain (601D1886-AC64-4F84-AA16-D3DE0DEAC7D6): 12
LogDevObjectVersion:   Dev-Enterprise (9DFFBCD6-494F-0158-E221-12823C92A888): 1
LogStreaming: Display: Took  0.000s to delete old logs.
LogInit: Presizing for max 8388607 objects, including 0 objects not considered by GC, pre-allocating 0 bytes for permanent pool.
LogInit: Object subsystem initialized
[2018.08.31-08.58.49:976][  0]LogInit: Selected Device Profile: [Windows]
[2018.08.31-08.58.49:976][  0]LogInit: Applying CVar settings loaded from the selected device profile: [Windows]
[2018.08.31-08.58.50:033][  0]LogHAL: Display: Platform has ~ 16 GB [17128501248 / 17179869184 / 16], which maps to Larger [LargestMinGB=32, LargerMinGB=12, DefaultMinGB=8, SmallerMinGB=6, SmallestMinGB=0)
[2018.08.31-08.58.50:033][  0]LogInit: Setting Device Profile CVar: [[r.Vulkan.UseRealUBs:1]]
[2018.08.31-08.58.50:033][  0]LogInit: Going up to parent DeviceProfile []
[2018.08.31-08.58.50:058][  0]LogInit: Computer: STEVEN-PC
[2018.08.31-08.58.50:058][  0]LogInit: User: Steven
[2018.08.31-08.58.50:058][  0]LogInit: CPU Page size=4096, Cores=4
[2018.08.31-08.58.50:058][  0]LogInit: High frequency timer resolution =3.515644 MHz
[2018.08.31-08.58.50:059][  0]LogMemory: Memory total: Physical=16.0GB (16GB approx)
[2018.08.31-08.58.50:059][  0]LogMemory: Platform Memory Stats for Windows
[2018.08.31-08.58.50:059][  0]LogMemory: Process Physical Memory: 102.05 MB used, 102.05 MB peak
[2018.08.31-08.58.50:059][  0]LogMemory: Process Virtual Memory: 95.76 MB used, 95.76 MB peak
[2018.08.31-08.58.50:059][  0]LogMemory: Physical Memory: 13415.70 MB used,  2919.32 MB free, 16335.01 MB total
[2018.08.31-08.58.50:059][  0]LogMemory: Virtual Memory: 484.63 MB used,  2919.32 MB free, 8388608.00 MB total
[2018.08.31-08.58.50:327][  0]LogInit: Using OS detected language (en-US).
[2018.08.31-08.58.50:327][  0]LogInit: Using OS detected locale (en-US).
[2018.08.31-08.58.50:337][  0]LogTextLocalizationManager: No specific localization for 'en-US' exists, so the 'en' localization will be used.
[2018.08.31-08.58.51:029][  0]LogStreaming: Display: Took  0.702s to InitEngineTextLocalization.
[2018.08.31-08.58.51:030][  0]LogWindows: Failed to load 'shcore.dll' (GetLastError=126)
[2018.08.31-08.58.51:030][  0]LogWindows: File 'shcore.dll' does not exist
[2018.08.31-08.58.51:030][  0]LogInit: Setting process to DPI aware
[2018.08.31-08.58.51:547][  0]LogSlate: New Slate User Created.  User Index 0, Is Virtual User: 0
[2018.08.31-08.58.51:547][  0]LogSlate: Slate User Registered.  User Index 0, Is Virtual User: 0
[2018.08.31-08.58.52:596][  0]LogHMD: Failed to initialize OpenVR with code 105
[2018.08.31-08.58.52:596][  0]LogD3D11RHI: D3D11 adapters:
[2018.08.31-08.58.52:666][  0]LogD3D11RHI:    0. 'NVIDIA GeForce GTX 1070' (Feature Level 11_0)
[2018.08.31-08.58.52:666][  0]LogD3D11RHI:       8077/0/7911 MB DedicatedVideo/DedicatedSystem/SharedSystem, Outputs:2, VendorId:0x10de
[2018.08.31-08.58.52:666][  0]LogD3D11RHI: Chosen D3D11 Adapter: 0
[2018.08.31-08.58.52:724][  0]LogD3D11RHI: Creating new Direct3DDevice
[2018.08.31-08.58.52:724][  0]LogD3D11RHI:     GPU DeviceId: 0x1b81 (for the marketing name, search the web for "GPU Device Id")
[2018.08.31-08.58.52:724][  0]LogWindows: EnumDisplayDevices:
[2018.08.31-08.58.52:724][  0]LogWindows:    0. 'NVIDIA GeForce GTX 1070' (P:1 D:1)
[2018.08.31-08.58.52:724][  0]LogWindows:    1. 'NVIDIA GeForce GTX 1070' (P:0 D:1)
[2018.08.31-08.58.52:724][  0]LogWindows:    2. 'NVIDIA GeForce GTX 1070' (P:0 D:0)
[2018.08.31-08.58.52:724][  0]LogWindows:    3. 'NVIDIA GeForce GTX 1070' (P:0 D:0)
[2018.08.31-08.58.52:724][  0]LogWindows:    4. 'RDPDD Chained DD' (P:0 D:0)
[2018.08.31-08.58.52:725][  0]LogWindows:    5. 'RDP Encoder Mirror Driver' (P:0 D:0)
[2018.08.31-08.58.52:725][  0]LogWindows:    6. 'RDP Reflector Display Driver' (P:0 D:0)
[2018.08.31-08.58.52:725][  0]LogWindows: DebugString: GetVideoDriverDetailsInvalid PrimaryIsNotTheChoosenAdapter GetVideoDriverDetailsInvalid PrimaryIsNotTheChoosenAdapter GetVideoDriverDetailsInvalid PrimaryIsNotTheChoosenAdapter FoundDriverCount:4 
[2018.08.31-08.58.52:725][  0]LogD3D11RHI:     Adapter Name: NVIDIA GeForce GTX 1070
[2018.08.31-08.58.52:725][  0]LogD3D11RHI:   Driver Version: 390.77 (internal:23.21.13.9077, unified:390.77)
[2018.08.31-08.58.52:725][  0]LogD3D11RHI:      Driver Date: 1-23-2018
[2018.08.31-08.58.52:725][  0]LogRHI: Texture pool is 5654 MB (70% of 8077 MB)
[2018.08.31-08.58.52:742][  0]LogD3D11RHI: Async texture creation enabled
[2018.08.31-08.58.52:763][  0]LogD3D11RHI: GPU Timing Frequency: 1000.000000 (Debug: 2 2)
[2018.08.31-08.58.52:809][  0]LogShaderCompilers: Guid format shader working directory is 4 characters bigger than the processId version (../../../../../../coded projects/HoopBall/Intermediate/Shaders/WorkingDirectory/675088/).
[2018.08.31-08.58.52:809][  0]LogShaderCompilers: Cleaned the shader compiler working directory 'C:/Users/Steven/AppData/Local/Temp/UnrealShaderWorkingDir/1C29ACE340E859C0A2C135B4F0153EB1/'.
[2018.08.31-08.58.53:699][  0]LogTemp: Display: Loaded TP AllDesktopTargetPlatform
[2018.08.31-08.58.53:726][  0]LogTemp: Display: Loaded TP MacClientTargetPlatform
[2018.08.31-08.58.53:764][  0]LogTemp: Display: Loaded TP MacNoEditorTargetPlatform
[2018.08.31-08.58.53:796][  0]LogTemp: Display: Loaded TP MacServerTargetPlatform
[2018.08.31-08.58.53:847][  0]LogTemp: Display: Loaded TP MacTargetPlatform
[2018.08.31-08.58.53:878][  0]LogTemp: Display: Loaded TP WindowsClientTargetPlatform
[2018.08.31-08.58.53:897][  0]LogTemp: Display: Loaded TP WindowsNoEditorTargetPlatform
[2018.08.31-08.58.53:936][  0]LogTemp: Display: Loaded TP WindowsServerTargetPlatform
[2018.08.31-08.58.53:962][  0]LogTemp: Display: Loaded TP WindowsTargetPlatform
[2018.08.31-08.58.54:102][  0]LogTemp: Display: Loaded TP AndroidTargetPlatform
[2018.08.31-08.58.54:102][  0]LogTemp: Display: Loaded TP AndroidTargetPlatform
[2018.08.31-08.58.54:102][  0]LogTemp: Display: Loaded TP AndroidTargetPlatform
[2018.08.31-08.58.54:102][  0]LogTemp: Display: Loaded TP AndroidTargetPlatform
[2018.08.31-08.58.54:102][  0]LogTemp: Display: Loaded TP AndroidTargetPlatform
[2018.08.31-08.58.54:102][  0]LogTemp: Display: Loaded TP AndroidTargetPlatform
[2018.08.31-08.58.54:102][  0]LogTemp: Display: Loaded TP AndroidTargetPlatform
[2018.08.31-08.58.54:102][  0]LogTemp: Display: Loaded TP AndroidTargetPlatform
[2018.08.31-08.58.54:103][  0]LogTemp: Display: Loaded TP AndroidTargetPlatform
[2018.08.31-08.58.54:103][  0]LogTemp: Display: Loaded TP AndroidTargetPlatform
[2018.08.31-08.58.54:103][  0]LogTemp: Display: Loaded TP AndroidTargetPlatform
[2018.08.31-08.58.54:103][  0]LogTemp: Display: Loaded TP AndroidTargetPlatform
[2018.08.31-08.58.54:103][  0]LogTemp: Display: Loaded TP AndroidTargetPlatform
[2018.08.31-08.58.54:103][  0]LogTemp: Display: Loaded TP AndroidTargetPlatform
[2018.08.31-08.58.54:103][  0]LogTemp: Display: Loaded TP AndroidTargetPlatform
[2018.08.31-08.58.54:103][  0]LogTemp: Display: Loaded TP AndroidTargetPlatform
[2018.08.31-08.58.54:103][  0]LogTemp: Display: Loaded TP AndroidTargetPlatform
[2018.08.31-08.58.54:103][  0]LogTemp: Display: Loaded TP AndroidTargetPlatform
[2018.08.31-08.58.54:126][  0]LogTemp: Display: Loaded TP HTML5TargetPlatform
[2018.08.31-08.58.54:333][  0]LogTemp: Display: Loaded TP IOSTargetPlatform
[2018.08.31-08.58.54:333][  0]LogTemp: Display: Loaded TP IOSTargetPlatform
[2018.08.31-08.58.54:395][  0]LogTemp: Display: Loaded TP TVOSTargetPlatform
[2018.08.31-08.58.54:395][  0]LogTemp: Display: Loaded TP TVOSTargetPlatform
[2018.08.31-08.58.54:450][  0]LogTemp: Display: Loaded TP LinuxClientTargetPlatform
[2018.08.31-08.58.54:482][  0]LogTemp: Display: Loaded TP LinuxNoEditorTargetPlatform
[2018.08.31-08.58.54:572][  0]LogTemp: Display: Loaded TP LinuxServerTargetPlatform
[2018.08.31-08.58.54:669][  0]LogTemp: Display: Loaded TP LinuxTargetPlatform
[2018.08.31-08.58.54:719][  0]LogTemp: Display: Loaded TP LuminTargetPlatform
[2018.08.31-08.58.54:719][  0]LogTargetPlatformManager: Display: Building Assets For Windows
[2018.08.31-08.58.56:014][  0]LogShaderCompilers: Display: Using XGE Shader Compiler (Interception Interface).
[2018.08.31-08.58.56:874][  0]LogDerivedDataCache: Display: Max Cache Size: 512 MB
[2018.08.31-08.58.57:273][  0]LogDerivedDataCache: Loaded boot cache 0.40s 84MB C:/Users/Steven/AppData/Local/UnrealEngine/4.20/DerivedDataCache/Boot.ddc.
[2018.08.31-08.58.57:273][  0]LogDerivedDataCache: Display: Loaded Boot cache: C:/Users/Steven/AppData/Local/UnrealEngine/4.20/DerivedDataCache/Boot.ddc
[2018.08.31-08.58.57:273][  0]LogDerivedDataCache: FDerivedDataBackendGraph:  Pak pak cache file ../../../../../../coded projects/HoopBall/DerivedDataCache/DDC.ddp not found, will not use a pak cache.
[2018.08.31-08.58.57:273][  0]LogDerivedDataCache: Unable to find inner node Pak for hierarchical cache Hierarchy.
[2018.08.31-08.58.57:273][  0]LogDerivedDataCache: FDerivedDataBackendGraph:  CompressedPak pak cache file ../../../../../../coded projects/HoopBall/DerivedDataCache/Compressed.ddp not found, will not use a pak cache.
[2018.08.31-08.58.57:273][  0]LogDerivedDataCache: Unable to find inner node CompressedPak for hierarchical cache Hierarchy.
[2018.08.31-08.58.57:324][  0]LogDerivedDataCache: Display: Pak cache opened for reading ../../../Engine/DerivedDataCache/Compressed.ddp.
[2018.08.31-08.58.57:335][  0]LogDerivedDataCache: Using Local data cache path C:/Users/Steven/AppData/Local/UnrealEngine/Common/DerivedDataCache: Writable
[2018.08.31-08.58.57:335][  0]LogDerivedDataCache: Shared data cache path not found in *engine.ini, will not use an Shared cache.
[2018.08.31-08.58.57:335][  0]LogDerivedDataCache: Unable to find inner node Shared for hierarchical cache Hierarchy.
[2018.08.31-08.58.57:362][  0]LogMaterial: Verifying Global Shaders for PCD3D_SM5
[2018.08.31-08.58.57:363][  0]LogSlate: Using FreeType 2.6.0
[2018.08.31-08.58.57:423][  0]LogSlate: SlateFontServices - WITH_FREETYPE: 1, WITH_HARFBUZZ: 1
[2018.08.31-08.58.58:638][  0]LogAssetRegistry: FAssetRegistry took 0.0385 seconds to start up
[2018.08.31-08.58.59:097][  0]LogInit: Selected Device Profile: [Windows]
[2018.08.31-08.58.59:652][  0]LogSimplygon: Simplygon DLL not present - disabling.
[2018.08.31-08.58.59:756][  0]LogMeshReduction: Using SimplygonSwarm for distributed automatic mesh merging
[2018.08.31-08.58.59:756][  0]LogMeshReduction: Using ProxyLODMeshReduction for automatic mesh merging
[2018.08.31-08.58.59:756][  0]LogMeshReduction: Using QuadricMeshReduction for automatic static mesh reduction
[2018.08.31-08.58.59:756][  0]LogMeshReduction: No automatic skeletal mesh reduction module available
[2018.08.31-08.58.59:909][  0]LogNetVersion: HoopBall 1.0.0, NetCL: 4212847, EngineNetVer: 5, GameNetVer: 0 (Checksum: 2224932261)
[2018.08.31-08.59.01:007][  0]LogPackageLocalizationCache: Processed 11 localized package path(s) for 2 prioritized culture(s) in 0.081319 seconds
[2018.08.31-08.59.01:013][  0]LogUObjectArray: 38425 objects as part of root set at end of initial load.
[2018.08.31-08.59.01:013][  0]LogUObjectAllocator: 6690864 out of 0 bytes used by permanent object pool.
[2018.08.31-08.59.01:013][  0]LogUObjectArray: CloseDisregardForGC: 0/0 objects in disregard for GC pool
[2018.08.31-08.59.19:619][  0]LogTcpMessaging: Initializing TcpMessaging bridge
[2018.08.31-08.59.19:657][  0]LogUdpMessaging: Initializing bridge on interface 0.0.0.0:0 to multicast group 230.0.0.1:6666.
[2018.08.31-08.59.20:217][  0]SourceControl: Source control is disabled
[2018.08.31-08.59.21:439][  0]LogGameDNAinstaller: Display: gameDNA installer module started
[2018.08.31-08.59.22:442][  0]LogAndroidPermission: UAndroidPermissionCallbackProxy::GetInstance
[2018.08.31-08.59.22:688][  0]LogOcInput: OculusInput pre-init called
[2018.08.31-08.59.23:000][  0]LogEngine: Initializing Engine...
[2018.08.31-08.59.23:003][  0]LogHMD: Failed to initialize OpenVR with code 105
[2018.08.31-08.59.23:005][  0]LogStats: UGameplayTagsManager::ConstructGameplayTagTree: ImportINI prefixes -  0.000 s
[2018.08.31-08.59.23:005][  0]LogStats: UGameplayTagsManager::ConstructGameplayTagTree: Construct from data asset -  0.000 s
[2018.08.31-08.59.23:005][  0]LogStats: UGameplayTagsManager::ConstructGameplayTagTree: ImportINI -  0.000 s
[2018.08.31-08.59.23:005][  0]LogStats: UGameplayTagsManager::ConstructGameplayTagTree: GameplayTagTreeChangedEvent.Broadcast -  0.000 s
[2018.08.31-08.59.23:241][  0]LogInit: Initializing FReadOnlyCVARCache
[2018.08.31-08.59.23:429][  0]LogAIModule: Creating AISystem for world Untitled
[2018.08.31-08.59.23:451][  0]LogInit: XAudio2 using 'Speakers (Sennheiser Main Audio)' : 6 channels at 48 kHz using 16 bits per sample (channel mask 0x3f)
[2018.08.31-08.59.23:456][  0]LogInit: FAudioDevice initialized.
[2018.08.31-08.59.23:457][  0]LogNetVersion: Set ProjectVersion to 1.0.0.0. Version Checksum will be recalculated on next use.
[2018.08.31-08.59.23:555][  0]LogDerivedDataCache: Saved boot cache 0.10s 84MB C:/Users/Steven/AppData/Local/UnrealEngine/4.20/DerivedDataCache/Boot.ddc.
[2018.08.31-08.59.23:561][  0]LogInit: Texture streaming: Enabled
[2018.08.31-08.59.23:659][  0]LogEngineSessionManager: EngineSessionManager initialized
[2018.08.31-08.59.23:782][  0]LogInit: Transaction tracking system initialized
[2018.08.31-08.59.23:973][  0]BlueprintLog: New page: Editor Load
[2018.08.31-08.59.24:653][  0]LocalizationService: Localization service is disabled
[2018.08.31-08.59.26:745][  0]LogCook: Display: Max memory allowance for cook 16384mb min free memory 0mb
[2018.08.31-08.59.26:745][  0]LogCook: Display: Mobile HDR setting 0
[2018.08.31-08.59.26:745][  0]LogGameplayTags: Display: UGameplayTagsManager::DoneAddingNativeTags. DelegateIsBound: 0
[2018.08.31-08.59.26:746][  0]LogStats: UGameplayTagsManager::ConstructGameplayTagTree: ImportINI prefixes -  0.000 s
[2018.08.31-08.59.26:746][  0]LogStats: UGameplayTagsManager::ConstructGameplayTagTree: Construct from data asset -  0.000 s
[2018.08.31-08.59.26:746][  0]LogStats: UGameplayTagsManager::ConstructGameplayTagTree: ImportINI -  0.000 s
[2018.08.31-08.59.26:746][  0]LogStats: UGameplayTagsManager::ConstructGameplayTagTree: GameplayTagTreeChangedEvent.Broadcast -  0.000 s
[2018.08.31-08.59.26:865][  0]LogFileCache: Scanning file cache for directory 'L:/coded projects/HoopBall/Content/' took 0.02s
[2018.08.31-08.59.29:330][  0]Cmd: MAP LOAD FILE="../../../../../../coded projects/HoopBall/Content/Map/Main/Main_Map.umap" TEMPLATE=0 SHOWPROGRESS=1 FEATURELEVEL=3
[2018.08.31-08.59.29:331][  0]LightingResults: New page: Lighting Build
[2018.08.31-08.59.29:399][  0]MapCheck: New page: Map Check
[2018.08.31-08.59.29:399][  0]LightingResults: New page: Lighting Build
[2018.08.31-08.59.29:805][  0]LogBlueprint: Warning: [Compiler BP_UI_Anim_Char] Could not find a variable named "BottomButtonPart" in 'UI_MainMenu_C'.
Make sure 'UI_MainMenu_C' has been compiled for  Get BottomButtonPart
[2018.08.31-08.59.29:825][  0]LogBlueprint: Warning: [Compiler UI_MainMenu] Could not find a variable named "SettingsSlide" in 'UI_MainMenu_C'.
Make sure 'UI_MainMenu_C' has been compiled for  Get SettingsSlide
[2018.08.31-08.59.29:825][  0]LogBlueprint: Warning: [Compiler UI_MainMenu] Could not find a variable named "SettingsSlide" in 'UI_MainMenu_C'.
Make sure 'UI_MainMenu_C' has been compiled for  Get SettingsSlide
[2018.08.31-08.59.29:825][  0]LogBlueprint: Warning: [Compiler UI_MainMenu] Could not find a variable named "SettingsSlide" in 'UI_MainMenu_C'.
Make sure 'UI_MainMenu_C' has been compiled for  Get SettingsSlide
[2018.08.31-08.59.29:840][  0]LogBlueprint: Error: [Compiler BP_UI_Anim_Char] The property associated with  Bottom Button Part  could not be found in '/Game/Cartoony_UI_Anims/Blueprints/BP_UI_Anim_Char.BP_UI_Anim_Char_C'
[2018.08.31-08.59.29:862][  0]LogBlueprint: Error: [Compiler UI_MainMenu] The property associated with  Settings Slide  could not be found in '/Game/Cartoony_UI_Anims/UI/UI_MainMenu.UI_MainMenu_C'
[2018.08.31-08.59.29:862][  0]LogBlueprint: Error: [Compiler UI_MainMenu] The property associated with  Settings Slide  could not be found in '/Game/Cartoony_UI_Anims/UI/UI_MainMenu.UI_MainMenu_C'
[2018.08.31-08.59.29:863][  0]LogBlueprint: Error: [Compiler UI_MainMenu] The property associated with  Settings Slide  could not be found in '/Game/Cartoony_UI_Anims/UI/UI_MainMenu.UI_MainMenu_C'
[2018.08.31-08.59.29:895][  0]LogBlueprint: Warning: [Compiler BP_UI_Anim_Char] [0075.45] Compile of BP_UI_Anim_Char failed. 1 Fatal Issue(s) 1 Warning(s) [in 163 ms] (/Game/Cartoony_UI_Anims/Blueprints/BP_UI_Anim_Char.BP_UI_Anim_Char)
[2018.08.31-08.59.29:895][  0]LogBlueprint: Warning: [Compiler UI_MainMenu] [0075.45] Compile of UI_MainMenu failed. 3 Fatal Issue(s) 3 Warning(s) [in 164 ms] (/Game/Cartoony_UI_Anims/UI/UI_MainMenu.UI_MainMenu)
[2018.08.31-08.59.30:439][  0]LogAIModule: Creating AISystem for world Main_Map
[2018.08.31-08.59.30:443][  0]LogEditorServer: Finished looking for orphan Actors (0.000 secs)
[2018.08.31-08.59.30:468][  0]Cmd: MAP CHECKDEP NOCLEARLOG
[2018.08.31-08.59.30:530][  0]MapCheck: Map check complete: 0 Error(s), 0 Warning(s), took 62.13ms to complete.
[2018.08.31-08.59.30:530][  0]LogFileHelpers: Loading map 'Main_Map' took 1.200
[2018.08.31-08.59.30:834][  0]LogSlate: Updating window title bar state: overlay mode, drag disabled, window buttons hidden, title bar hidden
[2018.08.31-08.59.30:843][  0]LogSlate: Updating window title bar state: overlay mode, drag disabled, window buttons hidden, title bar hidden
[2018.08.31-08.59.30:852][  0]LogSlate: Updating window title bar state: overlay mode, drag disabled, window buttons hidden, title bar hidden
[2018.08.31-08.59.30:861][  0]LogSlate: Updating window title bar state: overlay mode, drag disabled, window buttons hidden, title bar hidden
[2018.08.31-08.59.31:378][  0]LogSlate: Took 0.023915 seconds to synchronously load lazily loaded font '../../../Engine/Content/Slate/Fonts/Roboto-Regular.ttf' (155K)
[2018.08.31-08.59.33:087][  0]LogSlate: Only BGRA pngs, bmps or icos are supported in by External Image Picker
[2018.08.31-08.59.33:179][  0]LogTemp: Executing iPhonePackager certificates Engine -bundlename com.YourCompany.HoopBall
[2018.08.31-08.59.33:179][  0]LogTemp: CWD: L:\Program Files\Epic Games\UE_4.20\Engine\Binaries\DotNET\IOS
[2018.08.31-08.59.33:179][  0]LogTemp: Initial Dir: L:\Program Files\Epic Games\UE_4.20
[2018.08.31-08.59.33:179][  0]LogTemp: Env CWD: L:\Program Files\Epic Games\UE_4.20\Engine\Binaries\DotNET\IOS
[2018.08.31-08.59.33:179][  0]LogTemp: BranchPath = STEVEN-PC/L/Program Files/Epic Games/UE_4.20/Engine/Binaries --- GameBranchPath = STEVEN-PC/L/Program Files/Epic Games/UE_4.20/Engine/Binaries
[2018.08.31-08.59.33:179][  0]LogTemp: IPP ERROR: Could not find provision directory 'C:\Users\Steven\AppData\Local/Apple Computer/MobileDevice/Provisioning Profiles/'.
[2018.08.31-08.59.33:179][  0]LogCollectionManager: Loaded 0 collections in 0.001437 seconds
[2018.08.31-08.59.33:238][  0]LogFileCache: Scanning file cache for directory 'L:/coded projects/HoopBall/Saved/Collections/' took 0.01s
[2018.08.31-08.59.33:238][  0]LogFileCache: Scanning file cache for directory 'L:/coded projects/HoopBall/Content/Developers/Steven/Collections/' took 0.01s
[2018.08.31-08.59.33:238][  0]LogFileCache: Scanning file cache for directory 'L:/coded projects/HoopBall/Content/Collections/' took 0.00s
[2018.08.31-08.59.33:238][  0]LogCollectionManager: Rebuilt the GUID cache for 0 collections in 0.000001 seconds
[2018.08.31-08.59.33:249][  0]LogContentBrowser: Native class hierarchy populated in 0.0101 seconds. Added 2574 classes and 608 folders.
[2018.08.31-08.59.33:292][  0]LogContentBrowser: Native class hierarchy updated for 'WidgetCarousel' in 0.0003 seconds. Added 0 classes and 0 folders.
[2018.08.31-08.59.34:580][  0]LogContentBrowser: Native class hierarchy updated for 'AddContentDialog' in 0.0003 seconds. Added 0 classes and 0 folders.
[2018.08.31-08.59.34:599][  0]LogSlate: Took 0.010050 seconds to synchronously load lazily loaded font '../../../Engine/Content/Slate/Fonts/Roboto-Bold.ttf' (160K)
[2018.08.31-08.59.34:615][  0]LogSlate: Took 0.009940 seconds to synchronously load lazily loaded font '../../../Engine/Content/Editor/Slate/Fonts/FontAwesome.ttf' (139K)
[2018.08.31-08.59.34:771][  0]LogRenderer: Reallocating scene render targets to support 1616x1284 Format 10 NumSamples 1 (Frame:1).
[2018.08.31-08.59.34:987][  0]LogContentBrowser: Native class hierarchy updated for 'HierarchicalLODOutliner' in 0.0003 seconds. Added 0 classes and 0 folders.
[2018.08.31-08.59.34:987][  0]LogLoad: (Engine Initialization) Total time: 80.54 seconds
[2018.08.31-08.59.34:987][  0]LogLoad: (Engine Initialization) Total Blueprint compile time: 0.00 seconds
[2018.08.31-08.59.35:026][  0]LogContentStreaming: Texture pool size now 1000 MB
[2018.08.31-08.59.35:156][  2]LogAssetRegistry: Asset discovery search completed in 36.5388 seconds
[2018.08.31-08.59.35:158][  2]LogCollectionManager: Rebuilt the object cache for 0 collections in 0.000001 seconds (found 0 objects)
[2018.08.31-08.59.35:158][  2]LogCollectionManager: Fixed up redirectors for 0 collections in 0.000055 seconds (updated 0 objects)
[2018.08.31-08.59.36:517][  6]LogSlate: Took 0.033668 seconds to synchronously load lazily loaded font '../../../Engine/Content/Slate/Fonts/Roboto-Light.ttf' (167K)
[2018.08.31-09.00.05:270][ 93]LogWindowsTextInputMethodSystem: Display: IME system now deactivated.
[2018.08.31-09.00.05:270][ 93]LogWindowsTextInputMethodSystem: Display: IME system now deactivated.
[2018.08.31-09.00.05:273][ 93]LogSlate: FSceneViewport::OnFocusLost() reason 0
[2018.08.31-09.00.28:311][733]LogAssetEditorManager: Opening Asset editor for WidgetBlueprint /Game/Cartoony_UI_Anims/UI/UI_LevelCleared.UI_LevelCleared
[2018.08.31-09.00.28:973][733]LogContentBrowser: Native class hierarchy updated for 'BlueprintGraph' in 0.0006 seconds. Added 116 classes and 0 folders.
[2018.08.31-09.00.30:399][733]LogSlate: Took 0.021440 seconds to synchronously load lazily loaded font '../../../Engine/Content/Slate/Fonts/Roboto-BoldCondensed.ttf' (158K)
[2018.08.31-09.00.43:266][132]LogSlate: Took 0.063465 seconds to synchronously load lazily loaded font '../../../Engine/Content/Slate/Fonts/Roboto-Italic.ttf' (157K)
[2018.08.31-09.04.01:171][230]LogSlate: Window 'Color Picker' being destroyed
[2018.08.31-09.06.07:311][208]LogSlate: Took 0.237223 seconds to synchronously load lazily loaded font '../../../Engine/Content/Slate/Fonts/DroidSansFallback.ttf' (3848K)
[2018.08.31-09.06.42:899][671]LogUObjectHash: Warning: Ambiguous search, could be CanvasPanel /Engine/Transient.World_2:UI_LevelCleared_C_1.WidgetTree_0.CanvasPanel_1 or CanvasPanel /Game/Cartoony_UI_Anims/UI/UI_In-Game.UI_In-Game:WidgetTree.CanvasPanel_1
[2018.08.31-09.06.42:899][671]LogUObjectHash: Warning: Ambiguous search, could be CanvasPanel /Engine/Transient.World_2:UI_LevelCleared_C_1.WidgetTree_0.CanvasPanel_1 or CanvasPanel /Game/Cartoony_UI_Anims/UI/UI_LevelCleared.UI_LevelCleared:WidgetTree.CanvasPanel_1
[2018.08.31-09.06.42:899][671]LogUObjectHash: Warning: Ambiguous search, could be CanvasPanel /Engine/Transient.World_2:UI_LevelCleared_C_1.WidgetTree_0.CanvasPanel_1 or CanvasPanel /Game/Cartoony_UI_Anims/UI/UI_LevelSelect.UI_LevelSelect:WidgetTree.CanvasPanel_1
[2018.08.31-09.06.42:899][671]LogUObjectHash: Warning: Ambiguous search, could be CanvasPanel /Engine/Transient.World_2:UI_LevelCleared_C_1.WidgetTree_0.CanvasPanel_1 or CanvasPanel /Game/Cartoony_UI_Anims/UI/UI_Shop.UI_Shop:WidgetTree.CanvasPanel_1
[2018.08.31-09.06.42:899][671]LogUObjectHash: Warning: Ambiguous search, could be CanvasPanel /Engine/Transient.World_2:UI_LevelCleared_C_1.WidgetTree_0.CanvasPanel_1 or CanvasPanel /Game/Cartoony_UI_Anims/UI/UI_PauseMenu.UI_PauseMenu:WidgetTree.CanvasPanel_1
[2018.08.31-09.06.42:899][671]LogUObjectHash: Warning: Ambiguous search, could be CanvasPanel /Engine/Transient.World_2:UI_LevelCleared_C_1.WidgetTree_0.CanvasPanel_1 or CanvasPanel /Game/Cartoony_UI_Anims/UI/UI_In-Game.SKEL_UI_In-Game_C:WidgetTree.CanvasPanel_1
[2018.08.31-09.06.42:899][671]LogUObjectHash: Warning: Ambiguous search, could be CanvasPanel /Engine/Transient.World_2:UI_LevelCleared_C_1.WidgetTree_0.CanvasPanel_1 or CanvasPanel /Engine/Transient.WidgetTree:CanvasPanel_1
[2018.08.31-09.06.42:899][671]LogUObjectHash: Warning: Ambiguous search, could be CanvasPanel /Engine/Transient.World_2:UI_LevelCleared_C_1.WidgetTree_0.CanvasPanel_1 or CanvasPanel /Game/Cartoony_UI_Anims/UI/UI_LevelSelect.SKEL_UI_LevelSelect_C:WidgetTree.CanvasPanel_1
[2018.08.31-09.06.42:899][671]LogUObjectHash: Warning: Ambiguous search, could be CanvasPanel /Engine/Transient.World_2:UI_LevelCleared_C_1.WidgetTree_0.CanvasPanel_1 or CanvasPanel /Game/Cartoony_UI_Anims/UI/UI_PauseMenu.SKEL_UI_PauseMenu_C:WidgetTree.CanvasPanel_1
[2018.08.31-09.06.42:899][671]LogUObjectHash: Warning: Ambiguous search, could be CanvasPanel /Engine/Transient.World_2:UI_LevelCleared_C_1.WidgetTree_0.CanvasPanel_1 or CanvasPanel /Game/Cartoony_UI_Anims/UI/UI_Shop.SKEL_UI_Shop_C:WidgetTree.CanvasPanel_1
[2018.08.31-09.06.42:900][671]LogUObjectHash: Warning: Ambiguous search, could be CanvasPanel /Engine/Transient.World_2:UI_LevelCleared_C_1.WidgetTree_0.CanvasPanel_1 or CanvasPanel /Engine/Transient.World_2:UI_LevelCleared_C_0.WidgetTree_0.CanvasPanel_1
[2018.08.31-09.06.42:900][671]LogUObjectHash: Warning: Ambiguous search, could be CanvasPanel /Engine/Transient.World_2:UI_LevelCleared_C_1.WidgetTree_0.CanvasPanel_1 or CanvasPanel /Game/Cartoony_UI_Anims/UI/UI_In-Game.UI_In-Game_C:WidgetTree.CanvasPanel_1
[2018.08.31-09.06.42:900][671]LogUObjectHash: Warning: Ambiguous search, could be CanvasPanel /Engine/Transient.World_2:UI_LevelCleared_C_1.WidgetTree_0.CanvasPanel_1 or CanvasPanel /Game/Cartoony_UI_Anims/UI/UI_LevelCleared.UI_LevelCleared_C:WidgetTree.CanvasPanel_1
[2018.08.31-09.06.42:900][671]LogUObjectHash: Warning: Ambiguous search, could be CanvasPanel /Engine/Transient.World_2:UI_LevelCleared_C_1.WidgetTree_0.CanvasPanel_1 or CanvasPanel /Game/Cartoony_UI_Anims/UI/UI_LevelSelect.UI_LevelSelect_C:WidgetTree.CanvasPanel_1
[2018.08.31-09.06.42:900][671]LogUObjectHash: Warning: Ambiguous search, could be CanvasPanel /Engine/Transient.World_2:UI_LevelCleared_C_1.WidgetTree_0.CanvasPanel_1 or CanvasPanel /Game/Cartoony_UI_Anims/UI/UI_PauseMenu.UI_PauseMenu_C:WidgetTree.CanvasPanel_1
[2018.08.31-09.06.42:900][671]LogUObjectHash: Warning: Ambiguous search, could be CanvasPanel /Engine/Transient.World_2:UI_LevelCleared_C_1.WidgetTree_0.CanvasPanel_1 or CanvasPanel /Game/Cartoony_UI_Anims/UI/UI_Shop.UI_Shop_C:WidgetTree.CanvasPanel_1
[2018.08.31-09.06.42:900][671]LogUObjectHash: Warning: Ambiguous search, could be CanvasPanel /Engine/Transient.World_2:UI_LevelCleared_C_1.WidgetTree_0.CanvasPanel_1 or CanvasPanel /Engine/Transient.REINST_SKEL_UI_LevelCleared_C_8:WidgetTree.CanvasPanel_1
[2018.08.31-09.06.42:900][671]LogUObjectHash: Warning: Ambiguous search, could be CanvasPanel /Engine/Transient.World_2:UI_LevelCleared_C_1.WidgetTree_0.CanvasPanel_1 or CanvasPanel /Engine/Transient.World_2:UI_LevelCleared_C_2.WidgetTree_0.CanvasPanel_1
[2018.08.31-09.06.42:900][671]LogUObjectHash: Warning: Ambiguous search, could be CanvasPanel /Engine/Transient.World_2:UI_LevelCleared_C_1.WidgetTree_0.CanvasPanel_1 or CanvasPanel /Engine/Transient.World_2:UI_LevelCleared_C_3.WidgetTree_0.CanvasPanel_1
[2018.08.31-09.06.42:900][671]LogUObjectHash: Warning: Ambiguous search, could be CanvasPanel /Engine/Transient.World_2:UI_LevelCleared_C_1.WidgetTree_0.CanvasPanel_1 or CanvasPanel /Engine/Transient.World_2:UI_LevelCleared_C_4.WidgetTree_0.CanvasPanel_1
[2018.08.31-09.06.42:900][671]LogUObjectHash: Warning: Ambiguous search, could be CanvasPanel /Engine/Transient.World_2:UI_LevelCleared_C_1.WidgetTree_0.CanvasPanel_1 or CanvasPanel /Engine/Transient.World_2:UI_LevelCleared_C_5.WidgetTree_0.CanvasPanel_1
[2018.08.31-09.06.42:900][671]LogUObjectHash: Warning: Ambiguous search, could be CanvasPanel /Engine/Transient.World_2:UI_LevelCleared_C_1.WidgetTree_0.CanvasPanel_1 or CanvasPanel /Engine/Transient.World_2:UI_LevelCleared_C_6.WidgetTree_0.CanvasPanel_1
[2018.08.31-09.06.42:900][671]LogUObjectHash: Warning: Ambiguous search, could be CanvasPanel /Engine/Transient.World_2:UI_LevelCleared_C_1.WidgetTree_0.CanvasPanel_1 or CanvasPanel /Engine/Transient.World_2:UI_LevelCleared_C_7.WidgetTree_0.CanvasPanel_1
[2018.08.31-09.06.42:900][671]LogUObjectHash: Warning: Ambiguous search, could be CanvasPanel /Engine/Transient.World_2:UI_LevelCleared_C_1.WidgetTree_0.CanvasPanel_1 or CanvasPanel /Engine/Transient.World_2:UI_LevelCleared_C_8.WidgetTree_0.CanvasPanel_1
[2018.08.31-09.06.42:900][671]LogUObjectHash: Warning: Ambiguous search, could be CanvasPanel /Engine/Transient.World_2:UI_LevelCleared_C_1.WidgetTree_0.CanvasPanel_1 or CanvasPanel /Engine/Transient.World_2:UI_LevelCleared_C_9.WidgetTree_0.CanvasPanel_1
[2018.08.31-09.06.42:900][671]LogUObjectHash: Warning: Ambiguous search, could be CanvasPanel /Engine/Transient.World_2:UI_LevelCleared_C_1.WidgetTree_0.CanvasPanel_1 or CanvasPanel /Engine/Transient.World_2:UI_LevelCleared_C_10.WidgetTree_0.CanvasPanel_1
[2018.08.31-09.06.42:900][671]LogUObjectHash: Warning: Ambiguous search, could be CanvasPanel /Engine/Transient.World_2:UI_LevelCleared_C_1.WidgetTree_0.CanvasPanel_1 or CanvasPanel /Engine/Transient.World_2:UI_LevelCleared_C_11.WidgetTree_0.CanvasPanel_1
[2018.08.31-09.06.42:900][671]LogUObjectHash: Warning: Ambiguous search, could be CanvasPanel /Engine/Transient.World_2:UI_LevelCleared_C_1.WidgetTree_0.CanvasPanel_1 or CanvasPanel /Engine/Transient.World_2:UI_LevelCleared_C_12.WidgetTree_0.CanvasPanel_1
[2018.08.31-09.06.42:900][671]LogUObjectHash: Warning: Ambiguous search, could be CanvasPanel /Engine/Transient.World_2:UI_LevelCleared_C_1.WidgetTree_0.CanvasPanel_1 or CanvasPanel /Engine/Transient.World_2:UI_LevelCleared_C_13.WidgetTree_0.CanvasPanel_1
[2018.08.31-09.06.42:901][671]LogUObjectHash: Warning: Ambiguous search, could be CanvasPanel /Engine/Transient.World_2:UI_LevelCleared_C_1.WidgetTree_0.CanvasPanel_1 or CanvasPanel /Engine/Transient.World_2:UI_LevelCleared_C_14.WidgetTree_0.CanvasPanel_1
[2018.08.31-09.06.42:901][671]LogUObjectHash: Warning: Ambiguous search, could be CanvasPanel /Engine/Transient.World_2:UI_LevelCleared_C_1.WidgetTree_0.CanvasPanel_1 or CanvasPanel /Engine/Transient.World_2:UI_LevelCleared_C_15.WidgetTree_0.CanvasPanel_1
[2018.08.31-09.06.42:901][671]LogUObjectHash: Warning: Ambiguous search, could be CanvasPanel /Engine/Transient.World_2:UI_LevelCleared_C_1.WidgetTree_0.CanvasPanel_1 or CanvasPanel /Engine/Transient.World_2:UI_LevelCleared_C_16.WidgetTree_0.CanvasPanel_1
[2018.08.31-09.06.42:901][671]LogUObjectHash: Warning: Ambiguous search, could be CanvasPanel /Engine/Transient.World_2:UI_LevelCleared_C_1.WidgetTree_0.CanvasPanel_1 or CanvasPanel /Engine/Transient.World_2:UI_LevelCleared_C_17.WidgetTree_0.CanvasPanel_1
[2018.08.31-09.06.42:901][671]LogUObjectHash: Warning: Ambiguous search, could be CanvasPanel /Engine/Transient.World_2:UI_LevelCleared_C_1.WidgetTree_0.CanvasPanel_1 or CanvasPanel /Engine/Transient.World_2:UI_LevelCleared_C_18.WidgetTree_0.CanvasPanel_1
[2018.08.31-09.06.42:901][671]LogUObjectHash: Warning: Ambiguous search, could be CanvasPanel /Engine/Transient.World_2:UI_LevelCleared_C_1.WidgetTree_0.CanvasPanel_1 or CanvasPanel /Engine/Transient.World_2:UI_LevelCleared_C_19.WidgetTree_0.CanvasPanel_1
[2018.08.31-09.06.42:901][671]LogUObjectHash: Warning: Ambiguous search, could be CanvasPanel /Engine/Transient.World_2:UI_LevelCleared_C_1.WidgetTree_0.CanvasPanel_1 or CanvasPanel /Engine/Transient.World_2:UI_LevelCleared_C_20.WidgetTree_0.CanvasPanel_1
[2018.08.31-09.06.42:901][671]LogUObjectHash: Warning: Ambiguous search, could be CanvasPanel /Engine/Transient.World_2:UI_LevelCleared_C_1.WidgetTree_0.CanvasPanel_1 or CanvasPanel /Engine/Transient.World_2:UI_LevelCleared_C_21.WidgetTree_0.CanvasPanel_1
[2018.08.31-09.06.42:901][671]LogUObjectHash: Warning: Ambiguous search, could be CanvasPanel /Engine/Transient.World_2:UI_LevelCleared_C_1.WidgetTree_0.CanvasPanel_1 or CanvasPanel /Engine/Transient.World_2:UI_LevelCleared_C_22.WidgetTree_0.CanvasPanel_1
[2018.08.31-09.06.42:901][671]LogUObjectHash: Warning: Ambiguous search, could be CanvasPanel /Engine/Transient.World_2:UI_LevelCleared_C_1.WidgetTree_0.CanvasPanel_1 or CanvasPanel /Engine/Transient.World_2:UI_LevelCleared_C_23.WidgetTree_0.CanvasPanel_1
[2018.08.31-09.06.42:901][671]LogUObjectHash: Warning: Ambiguous search, could be CanvasPanel /Engine/Transient.World_2:UI_LevelCleared_C_1.WidgetTree_0.CanvasPanel_1 or CanvasPanel /Engine/Transient.World_2:UI_LevelCleared_C_24.WidgetTree_0.CanvasPanel_1
[2018.08.31-09.06.42:901][671]LogUObjectHash: Warning: Ambiguous search, could be CanvasPanel /Engine/Transient.World_2:UI_LevelCleared_C_1.WidgetTree_0.CanvasPanel_1 or CanvasPanel /Engine/Transient.World_2:UI_LevelCleared_C_25.WidgetTree_0.CanvasPanel_1
[2018.08.31-09.06.42:901][671]LogUObjectHash: Warning: Ambiguous search, could be CanvasPanel /Engine/Transient.World_2:UI_LevelCleared_C_1.WidgetTree_0.CanvasPanel_1 or CanvasPanel /Engine/Transient.World_2:UI_LevelCleared_C_26.WidgetTree_0.CanvasPanel_1
[2018.08.31-09.06.42:901][671]LogUObjectHash: Warning: Ambiguous search, could be CanvasPanel /Engine/Transient.World_2:UI_LevelCleared_C_1.WidgetTree_0.CanvasPanel_1 or CanvasPanel /Engine/Transient.World_2:UI_LevelCleared_C_27.WidgetTree_0.CanvasPanel_1
[2018.08.31-09.06.42:901][671]LogUObjectHash: Warning: Ambiguous search, could be CanvasPanelSlot /Game/Cartoony_UI_Anims/UI/UI_In-Game.UI_In-Game:WidgetTree.CanvasPanel_1.CanvasPanelSlot_1 or CanvasPanelSlot /Game/Cartoony_UI_Anims/UI/UI_LevelSelect.UI_LevelSelect:WidgetTree.CanvasPanel_1.CanvasPanelSlot_1
[2018.08.31-09.06.42:901][671]LogUObjectHash: Warning: Ambiguous search, could be CanvasPanelSlot /Game/Cartoony_UI_Anims/UI/UI_In-Game.UI_In-Game:WidgetTree.CanvasPanel_1.CanvasPanelSlot_1 or CanvasPanelSlot /Game/Cartoony_UI_Anims/UI/UI_Shop.UI_Shop:WidgetTree.CanvasPanel_1.CanvasPanelSlot_1
[2018.08.31-09.06.42:901][671]LogUObjectHash: Warning: Ambiguous search, could be CanvasPanelSlot /Game/Cartoony_UI_Anims/UI/UI_In-Game.UI_In-Game:WidgetTree.CanvasPanel_1.CanvasPanelSlot_1 or CanvasPanelSlot /Game/Cartoony_UI_Anims/UI/UI_PauseMenu.UI_PauseMenu:WidgetTree.CanvasPanel_1.CanvasPanelSlot_1
[2018.08.31-09.06.42:901][671]LogUObjectHash: Warning: Ambiguous search, could be CanvasPanelSlot /Game/Cartoony_UI_Anims/UI/UI_In-Game.UI_In-Game:WidgetTree.CanvasPanel_1.CanvasPanelSlot_1 or CanvasPanelSlot /Game/Cartoony_UI_Anims/UI/UI_In-Game.SKEL_UI_In-Game_C:WidgetTree.CanvasPanel_1.CanvasPanelSlot_1
[2018.08.31-09.06.42:902][671]LogUObjectHash: Warning: Ambiguous search, could be CanvasPanelSlot /Game/Cartoony_UI_Anims/UI/UI_In-Game.UI_In-Game:WidgetTree.CanvasPanel_1.CanvasPanelSlot_1 or CanvasPanelSlot /Game/Cartoony_UI_Anims/UI/UI_LevelSelect.SKEL_UI_LevelSelect_C:WidgetTree.CanvasPanel_1.CanvasPanelSlot_1
[2018.08.31-09.06.42:902][671]LogUObjectHash: Warning: Ambiguous search, could be CanvasPanelSlot /Game/Cartoony_UI_Anims/UI/UI_In-Game.UI_In-Game:WidgetTree.CanvasPanel_1.CanvasPanelSlot_1 or CanvasPanelSlot /Game/Cartoony_UI_Anims/UI/UI_PauseMenu.SKEL_UI_PauseMenu_C:WidgetTree.CanvasPanel_1.CanvasPanelSlot_1
[2018.08.31-09.06.42:902][671]LogUObjectHash: Warning: Ambiguous search, could be CanvasPanelSlot /Game/Cartoony_UI_Anims/UI/UI_In-Game.UI_In-Game:WidgetTree.CanvasPanel_1.CanvasPanelSlot_1 or CanvasPanelSlot /Game/Cartoony_UI_Anims/UI/UI_Shop.SKEL_UI_Shop_C:WidgetTree.CanvasPanel_1.CanvasPanelSlot_1
[2018.08.31-09.06.42:902][671]LogUObjectHash: Warning: Ambiguous search, could be CanvasPanelSlot /Game/Cartoony_UI_Anims/UI/UI_In-Game.UI_In-Game:WidgetTree.CanvasPanel_1.CanvasPanelSlot_1 or CanvasPanelSlot /Engine/Transient.World_2:UI_LevelCleared_C_15.WidgetTree_0.CanvasPanel_1.CanvasPanelSlot_1
[2018.08.31-09.06.42:902][671]LogUObjectHash: Warning: Ambiguous search, could be CanvasPanelSlot /Game/Cartoony_UI_Anims/UI/UI_In-Game.UI_In-Game:WidgetTree.CanvasPanel_1.CanvasPanelSlot_1 or CanvasPanelSlot /Game/Cartoony_UI_Anims/UI/UI_In-Game.UI_In-Game_C:WidgetTree.CanvasPanel_1.CanvasPanelSlot_1
[2018.08.31-09.06.42:902][671]LogUObjectHash: Warning: Ambiguous search, could be CanvasPanelSlot /Game/Cartoony_UI_Anims/UI/UI_In-Game.UI_In-Game:WidgetTree.CanvasPanel_1.CanvasPanelSlot_1 or CanvasPanelSlot /Game/Cartoony_UI_Anims/UI/UI_LevelSelect.UI_LevelSelect_C:WidgetTree.CanvasPanel_1.CanvasPanelSlot_1
[2018.08.31-09.06.42:902][671]LogUObjectHash: Warning: Ambiguous search, could be CanvasPanelSlot /Game/Cartoony_UI_Anims/UI/UI_In-Game.UI_In-Game:WidgetTree.CanvasPanel_1.CanvasPanelSlot_1 or CanvasPanelSlot /Game/Cartoony_UI_Anims/UI/UI_PauseMenu.UI_PauseMenu_C:WidgetTree.CanvasPanel_1.CanvasPanelSlot_1
[2018.08.31-09.06.42:902][671]LogUObjectHash: Warning: Ambiguous search, could be CanvasPanelSlot /Game/Cartoony_UI_Anims/UI/UI_In-Game.UI_In-Game:WidgetTree.CanvasPanel_1.CanvasPanelSlot_1 or CanvasPanelSlot /Game/Cartoony_UI_Anims/UI/UI_Shop.UI_Shop_C:WidgetTree.CanvasPanel_1.CanvasPanelSlot_1
[2018.08.31-09.06.42:902][671]LogUObjectHash: Warning: Ambiguous search, could be CanvasPanelSlot /Game/Cartoony_UI_Anims/UI/UI_In-Game.UI_In-Game:WidgetTree.CanvasPanel_1.CanvasPanelSlot_1 or CanvasPanelSlot /Engine/Transient.World_2:UI_LevelCleared_C_17.WidgetTree_0.CanvasPanel_1.CanvasPanelSlot_1
[2018.08.31-09.06.42:902][671]LogUObjectHash: Warning: Ambiguous search, could be CanvasPanelSlot /Game/Cartoony_UI_Anims/UI/UI_In-Game.UI_In-Game:WidgetTree.CanvasPanel_1.CanvasPanelSlot_1 or CanvasPanelSlot /Engine/Transient.World_2:UI_LevelCleared_C_24.WidgetTree_0.CanvasPanel_1.CanvasPanelSlot_1
[2018.08.31-09.06.42:902][671]LogUObjectHash: Warning: Ambiguous search, could be CanvasPanelSlot /Game/Cartoony_UI_Anims/UI/UI_In-Game.UI_In-Game:WidgetTree.CanvasPanel_1.CanvasPanelSlot_1 or CanvasPanelSlot /Game/Cartoony_UI_Anims/UI/UI_LevelCleared.UI_LevelCleared:WidgetTree.CanvasPanel_1.CanvasPanelSlot_1
[2018.08.31-09.06.42:902][671]LogUObjectHash: Warning: Ambiguous search, could be CanvasPanelSlot /Game/Cartoony_UI_Anims/UI/UI_In-Game.UI_In-Game:WidgetTree.CanvasPanel_1.CanvasPanelSlot_1 or CanvasPanelSlot /Engine/Transient.World_2:UI_LevelCleared_C_25.WidgetTree_0.CanvasPanel_1.CanvasPanelSlot_1
[2018.08.31-09.06.42:902][671]LogUObjectHash: Warning: Ambiguous search, could be CanvasPanelSlot /Game/Cartoony_UI_Anims/UI/UI_In-Game.UI_In-Game:WidgetTree.CanvasPanel_1.CanvasPanelSlot_1 or CanvasPanelSlot /Engine/Transient.World_2:UI_LevelCleared_C_26.WidgetTree_0.CanvasPanel_1.CanvasPanelSlot_1
[2018.08.31-09.06.42:902][671]LogUObjectHash: Warning: Ambiguous search, could be CanvasPanelSlot /Game/Cartoony_UI_Anims/UI/UI_In-Game.UI_In-Game:WidgetTree.CanvasPanel_1.CanvasPanelSlot_1 or CanvasPanelSlot /Engine/Transient.World_2:UI_LevelCleared_C_27.WidgetTree_0.CanvasPanel_1.CanvasPanelSlot_1
[2018.08.31-09.06.42:902][671]LogProperty: Warning: Illegal TEXT reference to a private object in external package (CanvasPanelSlot /Game/Cartoony_UI_Anims/UI/UI_In-Game.UI_In-Game:WidgetTree.CanvasPanel_1.CanvasPanelSlot_1) from referencer (Image /Engine/UMG/Editor/Transient.Image_465).  Import failed...
[2018.08.31-09.06.42:902][671]LogProperty: Warning: ObjectProperty /Script/UMG.Widget:Slot: unresolved reference to 'CanvasPanelSlot'"CanvasPanel_1.CanvasPanelSlot_1"''
[2018.08.31-09.06.43:044][672]SourceControl: fatal: L:/Program Files/Epic Games/UE_4.20/Engine/Content/UMG/Editor: 'L:/Program Files/Epic Games/UE_4.20/Engine/Content/UMG/Editor' is outside repository
[2018.08.31-09.07.38:365][949]LogEditorTransaction: Undo Move Widget
[2018.08.31-09.10.47:692][298]LogFileHelpers: Editor autosave (incl. sublevels) for '/Game/Map/Main/Main_Map' took 0.074
[2018.08.31-09.10.47:693][298]OBJ SavePackage: Generating thumbnails for [0] asset(s) in package [/Game/Cartoony_UI_Anims/UI/UI_LevelCleared] ([1] browsable assets)...
[2018.08.31-09.10.47:693][298]OBJ SavePackage: Finished generating thumbnails for package [/Game/Cartoony_UI_Anims/UI/UI_LevelCleared]
[2018.08.31-09.10.48:102][298]LogSavePackage: Moving '../../../../../../coded projects/HoopBall/Saved/UI_LevelCleared_Auto173B9252448137FD356C3ECA2956B8A01.tmp' to '../../../../../../coded projects/HoopBall/Saved/Autosaves/Game/Cartoony_UI_Anims/UI/UI_LevelCleared_Auto1.uasset'
[2018.08.31-09.10.48:103][298]LogFileHelpers: Auto-saving content packages took 0.411
[2018.08.31-09.27.17:787][276]LogAssetEditorManager: Opening Asset editor for Texture2D /Game/Cartoony_UI_Anims/Textures/T_ShopIcon.T_ShopIcon
[2018.08.31-09.27.17:817][276]LogContentBrowser: Native class hierarchy updated for 'TextureEditor' in 0.0003 seconds. Added 1 classes and 2 folders.
[2018.08.31-09.27.25:540][172]LogAssetEditorManager: Opening Asset editor for Texture2D /Game/Cartoony_UI_Anims/Textures/T_TopPanel_ProgressBar_Filled_Life.T_TopPanel_ProgressBar_Filled_Life
[2018.08.31-09.27.30:293][700]LogAssetEditorManager: Opening Asset editor for Texture2D /Game/Cartoony_UI_Anims/Textures/T_LevelSelect_LevelButton.T_LevelSelect_LevelButton
[2018.08.31-09.28.06:844][871]LogAssetEditorManager: Opening Asset editor for Texture2D /Game/GlassButtons/Textures/Tex_gs01_01_03.Tex_gs01_01_03
[2018.08.31-09.28.18:543][227]LogTexture: Display: Building textures: Tex_gs01_01_03 (AutoDXT, 512X512)
[2018.08.31-09.28.50:785][173]LogFileHelpers: Editor autosave (incl. sublevels) for '/Game/Map/Main/Main_Map' took 0.044
[2018.08.31-09.28.50:787][173]OBJ SavePackage: Generating thumbnails for [1] asset(s) in package [/Game/GlassButtons/Textures/Tex_gs01_01_03] ([1] browsable assets)...
[2018.08.31-09.28.50:800][173]OBJ SavePackage:     Rendered thumbnail for [Texture2D /Game/GlassButtons/Textures/Tex_gs01_01_03.Tex_gs01_01_03]
[2018.08.31-09.28.50:800][173]OBJ SavePackage: Finished generating thumbnails for package [/Game/GlassButtons/Textures/Tex_gs01_01_03]
[2018.08.31-09.28.50:816][173]LogSavePackage: Moving '../../../../../../coded projects/HoopBall/Saved/Tex_gs01_01_03_Auto21FDA1C764E02068C4C98F5843A556253.tmp' to '../../../../../../coded projects/HoopBall/Saved/Autosaves/Game/GlassButtons/Textures/Tex_gs01_01_03_Auto2.uasset'
[2018.08.31-09.28.50:816][173]LogFileHelpers: Auto-saving content packages took 0.030
[2018.08.31-09.33.44:546][538]LogFactory: FactoryCreateFile: Texture with ReimportTextureFactory (0 0 C:\Users\Steven\Downloads\f_logo_online_04_2018\F_Logo_Online_04_2018\white\PNG\flogo-HexRBG-Wht-100.png)
[2018.08.31-09.33.44:548][538]LogTexture: Display: Building textures: flogo-HexRBG-Wht-100 (AutoDXT, 100X100)
[2018.08.31-09.33.51:570][591]LogFactory: FactoryCreateFile: Texture with ReimportTextureFactory (0 0 C:\Users\Steven\Downloads\f_logo_online_04_2018\F_Logo_Online_04_2018\Color\PNG\flogo_RGB_HEX-144.png)
[2018.08.31-09.33.51:573][591]LogTexture: Display: Building textures: flogo_RGB_HEX-144 (AutoDXT, 144X144)
[2018.08.31-09.38.50:834][620]LogFileHelpers: Editor autosave (incl. sublevels) for '/Game/Map/Main/Main_Map' took 0.030
[2018.08.31-09.38.50:836][620]OBJ SavePackage: Generating thumbnails for [0] asset(s) in package [/Game/Cartoony_UI_Anims/UI/UI_LevelCleared] ([1] browsable assets)...
[2018.08.31-09.38.50:836][620]OBJ SavePackage: Finished generating thumbnails for package [/Game/Cartoony_UI_Anims/UI/UI_LevelCleared]
[2018.08.31-09.38.50:943][620]LogSavePackage: Moving '../../../../../../coded projects/HoopBall/Saved/UI_LevelCleared_Auto3D69CB4FF45E9F5E5F41668918793B418.tmp' to '../../../../../../coded projects/HoopBall/Saved/Autosaves/Game/Cartoony_UI_Anims/UI/UI_LevelCleared_Auto3.uasset'
[2018.08.31-09.38.50:944][620]OBJ SavePackage: Generating thumbnails for [1] asset(s) in package [/Game/Icons/flogo-HexRBG-Wht-100] ([1] browsable assets)...
[2018.08.31-09.38.50:946][620]OBJ SavePackage:     Rendered thumbnail for [Texture2D /Game/Icons/flogo-HexRBG-Wht-100.flogo-HexRBG-Wht-100]
[2018.08.31-09.38.50:946][620]OBJ SavePackage: Finished generating thumbnails for package [/Game/Icons/flogo-HexRBG-Wht-100]
[2018.08.31-09.38.50:946][620]Cmd: OBJ SAVEPACKAGE PACKAGE="/Game/Icons/flogo-HexRBG-Wht-100" FILE="../../../../../../coded projects/HoopBall/Saved/Autosaves/Game/Icons/flogo-HexRBG-Wht-100_Auto3.uasset" SILENT=false AUTOSAVING=true
[2018.08.31-09.38.50:949][620]LogSavePackage: Moving '../../../../../../coded projects/HoopBall/Saved/flogo-HexRBG-Wht-100_Auto34B6AE73D4E4A168B7A13859F32023901.tmp' to '../../../../../../coded projects/HoopBall/Saved/Autosaves/Game/Icons/flogo-HexRBG-Wht-100_Auto3.uasset'
[2018.08.31-09.38.50:949][620]OBJ SavePackage: Generating thumbnails for [1] asset(s) in package [/Game/Icons/flogo_RGB_HEX-144] ([1] browsable assets)...
[2018.08.31-09.38.50:953][620]OBJ SavePackage:     Rendered thumbnail for [Texture2D /Game/Icons/flogo_RGB_HEX-144.flogo_RGB_HEX-144]
[2018.08.31-09.38.50:953][620]OBJ SavePackage: Finished generating thumbnails for package [/Game/Icons/flogo_RGB_HEX-144]
[2018.08.31-09.38.50:953][620]Cmd: OBJ SAVEPACKAGE PACKAGE="/Game/Icons/flogo_RGB_HEX-144" FILE="../../../../../../coded projects/HoopBall/Saved/Autosaves/Game/Icons/flogo_RGB_HEX-144_Auto3.uasset" SILENT=false AUTOSAVING=true
[2018.08.31-09.38.50:955][620]LogSavePackage: Moving '../../../../../../coded projects/HoopBall/Saved/flogo_RGB_HEX-144_Auto3E319ABA444A8310E21E7849695DB05E0.tmp' to '../../../../../../coded projects/HoopBall/Saved/Autosaves/Game/Icons/flogo_RGB_HEX-144_Auto3.uasset'
[2018.08.31-09.38.50:956][620]LogFileHelpers: Auto-saving content packages took 0.120
[2018.08.31-11.37.00:174][400]LogSlate: Window 'Save Content' being destroyed
[2018.08.31-11.37.02:846][564]LogSlate: Window 'Save Content' being destroyed
[2018.08.31-11.37.03:069][564]Cmd: OBJ SAVEPACKAGE PACKAGE="/Game/Cartoony_UI_Anims/UI/UI_LevelCleared" FILE="../../../../../../coded projects/HoopBall/Content/Cartoony_UI_Anims/UI/UI_LevelCleared.uasset" SILENT=true
[2018.08.31-11.37.03:190][564]LogSavePackage: Moving '../../../../../../coded projects/HoopBall/Saved/UI_LevelCleared84ADFF0F45C9346127D0F784FB84ECF6.tmp' to '../../../../../../coded projects/HoopBall/Content/Cartoony_UI_Anims/UI/UI_LevelCleared.uasset'
[2018.08.31-11.37.03:196][564]Cmd: OBJ SAVEPACKAGE PACKAGE="/Game/GlassButtons/Textures/Tex_gs01_01_03" FILE="../../../../../../coded projects/HoopBall/Content/GlassButtons/Textures/Tex_gs01_01_03.uasset" SILENT=true
[2018.08.31-11.37.03:236][564]LogSavePackage: Moving '../../../../../../coded projects/HoopBall/Saved/Tex_gs01_01_033F84B5F0461C8D5D03EBBC839A991AF5.tmp' to '../../../../../../coded projects/HoopBall/Content/GlassButtons/Textures/Tex_gs01_01_03.uasset'
[2018.08.31-11.37.03:241][564]Cmd: OBJ SAVEPACKAGE PACKAGE="/Game/Icons/flogo-HexRBG-Wht-100" FILE="../../../../../../coded projects/HoopBall/Content/Icons/flogo-HexRBG-Wht-100.uasset" SILENT=true
[2018.08.31-11.37.03:243][564]LogSavePackage: Moving '../../../../../../coded projects/HoopBall/Saved/flogo-HexRBG-Wht-10022163FCF44ED96978F62F6AFFF8C7C30.tmp' to '../../../../../../coded projects/HoopBall/Content/Icons/flogo-HexRBG-Wht-100.uasset'
[2018.08.31-11.37.03:380][564]Cmd: OBJ SAVEPACKAGE PACKAGE="/Game/Icons/flogo_RGB_HEX-144" FILE="../../../../../../coded projects/HoopBall/Content/Icons/flogo_RGB_HEX-144.uasset" SILENT=true
[2018.08.31-11.37.03:383][564]LogSavePackage: Moving '../../../../../../coded projects/HoopBall/Saved/flogo_RGB_HEX-14450431667474E974400957C9A8CD29097.tmp' to '../../../../../../coded projects/HoopBall/Content/Icons/flogo_RGB_HEX-144.uasset'
[2018.08.31-11.37.04:128][564]LogSlate: Window 'Content Browser' being destroyed
[2018.08.31-11.37.04:158][564]LogSlate: Window 'HoopBall - Unreal Editor' being destroyed
[2018.08.31-11.37.04:702][565]Cmd: QUIT_EDITOR
[2018.08.31-11.37.05:160][565]LogExit: Preparing to exit.
[2018.08.31-11.37.06:760][565]LogExit: Editor shut down
[2018.08.31-11.37.06:760][565]LogExit: Transaction tracking system shut down
[2018.08.31-11.37.09:123][565]LogExit: Object subsystem successfully closed.
[2018.08.31-11.37.09:309][565]LogShaderCompilers: Display: Shaders left to compile 0
[2018.08.31-11.37.09:339][565]LogD3D11RHI: Shutdown
[2018.08.31-11.37.09:340][565]LogD3D11RHI: CleanupD3DDevice
[2018.08.31-11.37.09:437][565]LogD3D11RHI: ~FD3D11DynamicRHI
[2018.08.31-11.37.11:547][565]LogModuleManager: Shutting down and abandoning module TextureEditor (620)
[2018.08.31-11.37.11:567][565]LogModuleManager: Shutting down and abandoning module SequencerWidgets (618)
[2018.08.31-11.37.11:567][565]LogModuleManager: Shutting down and abandoning module BlueprintGraph (616)
[2018.08.31-11.37.11:567][565]LogModuleManager: Shutting down and abandoning module HierarchicalLODOutliner (614)
[2018.08.31-11.37.11:567][565]LogModuleManager: Shutting down and abandoning module AddContentDialog (612)
[2018.08.31-11.37.11:592][565]LogModuleManager: Shutting down and abandoning module WidgetCarousel (611)
[2018.08.31-11.37.11:593][565]LogModuleManager: Shutting down and abandoning module EditorWidgets (608)
[2018.08.31-11.37.11:593][565]LogModuleManager: Shutting down and abandoning module CollectionManager (606)
[2018.08.31-11.37.11:622][565]LogModuleManager: Shutting down and abandoning module ExternalImagePicker (604)
[2018.08.31-11.37.11:622][565]LogModuleManager: Shutting down and abandoning module SceneOutliner (602)
[2018.08.31-11.37.11:622][565]LogModuleManager: Shutting down and abandoning module StatsViewer (600)
[2018.08.31-11.37.11:642][565]LogModuleManager: Shutting down and abandoning module FoliageEdit (598)
[2018.08.31-11.37.11:660][565]LogModuleManager: Shutting down and abandoning module LandscapeEditor (596)
[2018.08.31-11.37.11:685][565]LogModuleManager: Shutting down and abandoning module MeshPaintMode (594)
[2018.08.31-11.37.11:700][565]LogModuleManager: Shutting down and abandoning module SceneDepthPickerMode (592)
[2018.08.31-11.37.11:700][565]LogModuleManager: Shutting down and abandoning module ActorPickerMode (590)
[2018.08.31-11.37.11:700][565]LogModuleManager: Shutting down and abandoning module GeometryMode (588)
[2018.08.31-11.37.11:700][565]LogModuleManager: Shutting down and abandoning module TextureAlignMode (586)
[2018.08.31-11.37.11:700][565]LogModuleManager: Shutting down and abandoning module BspMode (584)
[2018.08.31-11.37.11:700][565]LogModuleManager: Shutting down and abandoning module PIEPreviewDeviceProfileSelector (582)
[2018.08.31-11.37.11:719][565]LogModuleManager: Shutting down and abandoning module SequenceRecorderSections (580)
[2018.08.31-11.37.11:719][565]LogModuleManager: Shutting down and abandoning module AutomationWorker (578)
[2018.08.31-11.37.11:719][565]LogModuleManager: Shutting down and abandoning module AudioCaptureEditor (576)
[2018.08.31-11.37.11:719][565]LogModuleManager: Shutting down and abandoning module SequenceRecorder (575)
[2018.08.31-11.37.11:733][565]LogModuleManager: Shutting down and abandoning module MatineeToLevelSequence (572)
[2018.08.31-11.37.11:744][565]LogModuleManager: Shutting down and abandoning module LevelSequenceEditor (570)
[2018.08.31-11.37.11:769][565]LogModuleManager: Shutting down and abandoning module PlacementMode (569)
[2018.08.31-11.37.11:769][565]LogModuleManager: Shutting down and abandoning module MaterialEditor (568)
[2018.08.31-11.37.11:808][565]LogModuleManager: Shutting down and abandoning module WmfMediaFactory (564)
[2018.08.31-11.37.11:808][565]LogModuleManager: Shutting down and abandoning module WmfMediaEditor (562)
[2018.08.31-11.37.11:808][565]LogModuleManager: Shutting down and abandoning module MediaPlayerEditor (560)
[2018.08.31-11.37.11:836][565]LogModuleManager: Shutting down and abandoning module OpenExrWrapper (558)
[2018.08.31-11.37.11:836][565]LogModuleManager: Shutting down and abandoning module ImgMediaFactory (556)
[2018.08.31-11.37.11:836][565]LogModuleManager: Shutting down and abandoning module ImgMediaEditor (554)
[2018.08.31-11.37.11:836][565]LogModuleManager: Shutting down and abandoning module AvfMediaFactory (552)
[2018.08.31-11.37.11:836][565]LogModuleManager: Shutting down and abandoning module AvfMediaEditor (550)
[2018.08.31-11.37.11:836][565]LogModuleManager: Shutting down and abandoning module AndroidMediaFactory (548)
[2018.08.31-11.37.11:836][565]LogModuleManager: Shutting down and abandoning module AndroidMediaEditor (546)
[2018.08.31-11.37.11:836][565]LogModuleManager: Shutting down and abandoning module MagicLeapCameraPreviewFactory (544)
[2018.08.31-11.37.11:836][565]LogModuleManager: Shutting down and abandoning module MagicLeapMediaFactory (542)
[2018.08.31-11.37.11:836][565]LogModuleManager: Shutting down and abandoning module MagicLeapMediaEditor (540)
[2018.08.31-11.37.11:836][565]LogModuleManager: Shutting down and abandoning module CharacterAI (538)
[2018.08.31-11.37.11:836][565]LogModuleManager: Shutting down and abandoning module SmartSnapping (536)
[2018.08.31-11.37.11:836][565]LogModuleManager: Shutting down and abandoning module SessionServices (534)
[2018.08.31-11.37.11:836][565]LogModuleManager: Shutting down and abandoning module ViewportSnapping (532)
[2018.08.31-11.37.11:836][565]LogModuleManager: Shutting down and abandoning module ViewportInteraction (530)
[2018.08.31-11.37.11:836][565]LogModuleManager: Shutting down and abandoning module ClothPainter (528)
[2018.08.31-11.37.11:867][565]LogModuleManager: Shutting down and abandoning module SkeletalMeshEditor (527)
[2018.08.31-11.37.11:891][565]LogModuleManager: Shutting down and abandoning module LogVisualizer (524)
[2018.08.31-11.37.11:916][565]LogModuleManager: Shutting down and abandoning module IntroTutorials (522)
[2018.08.31-11.37.11:943][565]LogModuleManager: Shutting down and abandoning module GameProjectGeneration (521)
[2018.08.31-11.37.11:979][565]LogModuleManager: Shutting down and abandoning module LuminPlatformEditor (518)
[2018.08.31-11.37.11:979][565]LogModuleManager: Shutting down and abandoning module IOSPlatformEditor (516)
[2018.08.31-11.37.11:979][565]LogModuleManager: Shutting down and abandoning module HTML5PlatformEditor (514)
[2018.08.31-11.37.11:979][565]LogModuleManager: Shutting down and abandoning module AndroidPlatformEditor (512)
[2018.08.31-11.37.11:979][565]LogModuleManager: Shutting down and abandoning module AndroidDeviceDetection (511)
[2018.08.31-11.37.12:469][565]LogModuleManager: Shutting down and abandoning module WindowsPlatformEditor (508)
[2018.08.31-11.37.12:469][565]LogModuleManager: Shutting down and abandoning module LuminRuntimeSettings (506)
[2018.08.31-11.37.12:469][565]LogModuleManager: Shutting down and abandoning module IOSRuntimeSettings (504)
[2018.08.31-11.37.12:469][565]LogModuleManager: Shutting down and abandoning module AndroidRuntimeSettings (502)
[2018.08.31-11.37.12:469][565]LogModuleManager: Shutting down and abandoning module InputBindingEditor (500)
[2018.08.31-11.37.12:494][565]LogModuleManager: Shutting down and abandoning module MergeActors (498)
[2018.08.31-11.37.12:523][565]LogModuleManager: Shutting down and abandoning module LocalizationDashboard (496)
[2018.08.31-11.37.12:543][565]LogModuleManager: Shutting down and abandoning module LocalizationService (495)
[2018.08.31-11.37.12:564][565]LogModuleManager: Shutting down and abandoning module HardwareTargeting (492)
[2018.08.31-11.37.12:564][565]LogModuleManager: Shutting down and abandoning module DeviceProfileEditor (490)
[2018.08.31-11.37.12:564][565]LogModuleManager: Shutting down and abandoning module UndoHistory (488)
[2018.08.31-11.37.12:585][565]LogModuleManager: Shutting down and abandoning module XmlParser (486)
[2018.08.31-11.37.12:585][565]LogModuleManager: Shutting down and abandoning module Blutility (484)
[2018.08.31-11.37.12:601][565]LogModuleManager: Shutting down and abandoning module ProjectSettingsViewer (482)
[2018.08.31-11.37.12:601][565]LogModuleManager: Shutting down and abandoning module ProjectTargetPlatformEditor (481)
[2018.08.31-11.37.12:601][565]LogModuleManager: Shutting down and abandoning module EditorSettingsViewer (478)
[2018.08.31-11.37.12:602][565]LogModuleManager: Shutting down and abandoning module SettingsEditor (476)
[2018.08.31-11.37.12:627][565]LogModuleManager: Shutting down and abandoning module ProjectLauncher (474)
[2018.08.31-11.37.12:634][565]LogModuleManager: Shutting down and abandoning module SessionFrontend (472)
[2018.08.31-11.37.12:644][565]LogModuleManager: Shutting down and abandoning module ProfilerClient (470)
[2018.08.31-11.37.12:664][565]LogModuleManager: Shutting down and abandoning module DeviceManager (468)
[2018.08.31-11.37.12:689][565]LogModuleManager: Shutting down and abandoning module TargetDeviceServices (467)
[2018.08.31-11.37.12:732][565]LogModuleManager: Shutting down and abandoning module AutomationController (464)
[2018.08.31-11.37.12:761][565]LogModuleManager: Shutting down and abandoning module AutomationWindow (462)
[2018.08.31-11.37.12:884][565]LogModuleManager: Shutting down and abandoning module Layers (460)
[2018.08.31-11.37.12:966][565]LogModuleManager: Shutting down and abandoning module ComponentVisualizers (458)
[2018.08.31-11.37.12:966][565]LogModuleManager: Shutting down and abandoning module DetailCustomizations (456)
[2018.08.31-11.37.12:985][565]LogModuleManager: Shutting down and abandoning module PackagesDialog (454)
[2018.08.31-11.37.12:985][565]LogModuleManager: Shutting down and abandoning module Persona (452)
[2018.08.31-11.37.13:004][565]LogModuleManager: Shutting down and abandoning module AdvancedPreviewScene (451)
[2018.08.31-11.37.13:004][565]LogModuleManager: Shutting down and abandoning module AnimGraph (449)
[2018.08.31-11.37.13:023][565]LogModuleManager: Shutting down and abandoning module Kismet (446)
[2018.08.31-11.37.13:031][565]LogModuleManager: Shutting down and abandoning module GraphEditor (444)
[2018.08.31-11.37.13:032][565]LogModuleManager: Shutting down and abandoning module ClassViewer (442)
[2018.08.31-11.37.13:032][565]LogModuleManager: Shutting down and abandoning module Toolbox (440)
[2018.08.31-11.37.13:032][565]LogModuleManager: Shutting down and abandoning module ModuleUI (438)
[2018.08.31-11.37.13:050][565]LogModuleManager: Shutting down and abandoning module MovieSceneTools (436)
[2018.08.31-11.37.13:079][565]LogModuleManager: Shutting down and abandoning module OutputLog (434)
[2018.08.31-11.37.13:079][565]LogModuleManager: Shutting down and abandoning module GammaUI (432)
[2018.08.31-11.37.13:095][565]LogModuleManager: Shutting down and abandoning module Documentation (430)
[2018.08.31-11.37.13:095][565]LogModuleManager: Shutting down and abandoning module MovieSceneTracks (428)
[2018.08.31-11.37.13:095][565]LogModuleManager: Shutting down and abandoning module MovieScene (426)
[2018.08.31-11.37.13:117][565]LogModuleManager: Shutting down and abandoning module StreamingPauseRendering (424)
[2018.08.31-11.37.13:117][565]LogModuleManager: Shutting down and abandoning module LauncherPlatform (422)
[2018.08.31-11.37.13:117][565]LogModuleManager: Shutting down and abandoning module AnalyticsET (420)
[2018.08.31-11.37.13:117][565]LogModuleManager: Shutting down and abandoning module PortalServices (418)
[2018.08.31-11.37.13:117][565]LogModuleManager: Shutting down and abandoning module PortalRpc (416)
[2018.08.31-11.37.13:117][565]LogModuleManager: Shutting down and abandoning module MessagingRpc (414)
[2018.08.31-11.37.13:117][565]LogModuleManager: Shutting down and abandoning module AIModule (412)
[2018.08.31-11.37.13:133][565]LogModuleManager: Shutting down and abandoning module GameplayDebugger (411)
[2018.08.31-11.37.13:158][565]LogModuleManager: Shutting down and abandoning module AITestSuite (409)
[2018.08.31-11.37.13:176][565]LogModuleManager: Shutting down and abandoning module NavigationSystem (407)
[2018.08.31-11.37.13:176][565]LogModuleManager: Shutting down and abandoning module DesktopPlatform (404)
[2018.08.31-11.37.13:176][565]LogModuleManager: Shutting down and abandoning module ProfilerService (402)
[2018.08.31-11.37.13:258][565]LogModuleManager: Shutting down and abandoning module TaskGraph (400)
[2018.08.31-11.37.13:282][565]LogModuleManager: Shutting down and abandoning module SteamVRController (398)
[2018.08.31-11.37.13:282][565]LogModuleManager: Shutting down and abandoning module ProceduralMeshComponentEditor (396)
[2018.08.31-11.37.13:282][565]LogModuleManager: Shutting down and abandoning module ProceduralMeshComponent (394)
[2018.08.31-11.37.13:303][565]LogModuleManager: Shutting down and abandoning module OculusInput (392)
[2018.08.31-11.37.13:304][565]LogModuleManager: Shutting down and abandoning module MobilePatchingUtils (390)
[2018.08.31-11.37.13:304][565]LogModuleManager: Shutting down and abandoning module EditableMesh (388)
[2018.08.31-11.37.13:321][565]LogModuleManager: Shutting down and abandoning module CustomMeshComponent (386)
[2018.08.31-11.37.13:321][565]LogModuleManager: Shutting down and abandoning module CableComponent (384)
[2018.08.31-11.37.13:321][565]LogModuleManager: Shutting down and abandoning module AudioCapture (382)
[2018.08.31-11.37.13:321][565]LogModuleManager: Shutting down and abandoning module ArchVisCharacter (380)
[2018.08.31-11.37.13:321][565]LogModuleManager: Shutting down and abandoning module AndroidPermission (378)
[2018.08.31-11.37.13:321][565]LogModuleManager: Shutting down and abandoning module NUTUnrealEngine4 (376)
[2018.08.31-11.37.13:321][565]LogModuleManager: Shutting down and abandoning module NetcodeUnitTest (374)
[2018.08.31-11.37.13:347][565]LogModuleManager: Shutting down and abandoning module MediaCompositingEditor (372)
[2018.08.31-11.37.13:347][565]LogModuleManager: Shutting down and abandoning module MediaCompositing (370)
[2018.08.31-11.37.13:347][565]LogModuleManager: Shutting down and abandoning module LinearTimecode (368)
[2018.08.31-11.37.13:347][565]LogModuleManager: Shutting down and abandoning module ImgMedia (366)
[2018.08.31-11.37.13:367][565]LogModuleManager: Shutting down and abandoning module gameDNAinstaller (364)
[2018.08.31-11.37.13:367][565]LogGameDNAinstaller: Display: gameDNA installer module shutdown
[2018.08.31-11.37.13:400][565]LogModuleManager: Shutting down and abandoning module HTML5Networking (362)
[2018.08.31-11.37.13:400][565]LogModuleManager: Shutting down and abandoning module GeometryCacheTracks (360)
[2018.08.31-11.37.13:400][565]LogModuleManager: Shutting down and abandoning module GeometryCacheSequencer (358)
[2018.08.31-11.37.13:400][565]LogModuleManager: Shutting down and abandoning module BackChannel (356)
[2018.08.31-11.37.13:430][565]LogModuleManager: Shutting down and abandoning module AppleVision (354)
[2018.08.31-11.37.13:430][565]LogModuleManager: Shutting down and abandoning module AppleImageUtils (352)
[2018.08.31-11.37.13:430][565]LogModuleManager: Shutting down and abandoning module AlembicImporter (350)
[2018.08.31-11.37.13:430][565]LogModuleManager: Shutting down and abandoning module AlembicLibrary (349)
[2018.08.31-11.37.13:430][565]LogModuleManager: Shutting down and abandoning module GeometryCache (348)
[2018.08.31-11.37.13:430][565]LogModuleManager: Shutting down and abandoning module GeometryCacheEd (347)
[2018.08.31-11.37.13:430][565]LogModuleManager: Shutting down and abandoning module DatasmithContentEditor (342)
[2018.08.31-11.37.13:430][565]LogModuleManager: Shutting down and abandoning module DatasmithContent (340)
[2018.08.31-11.37.13:431][565]LogModuleManager: Shutting down and abandoning module SpeedTreeImporter (338)
[2018.08.31-11.37.13:431][565]LogModuleManager: Shutting down and abandoning module PluginBrowser (336)
[2018.08.31-11.37.13:461][565]LogModuleManager: Shutting down and abandoning module MobileLauncherProfileWizard (334)
[2018.08.31-11.37.13:481][565]LogModuleManager: Shutting down and abandoning module PolygonModeling (332)
[2018.08.31-11.37.13:481][565]LogModuleManager: Shutting down and abandoning module MeshEditor (330)
[2018.08.31-11.37.13:510][565]LogModuleManager: Shutting down and abandoning module CryptoKeysOpenSSL (328)
[2018.08.31-11.37.13:520][565]LogModuleManager: Shutting down and abandoning module CryptoKeys (326)
[2018.08.31-11.37.13:520][565]LogModuleManager: Shutting down and abandoning module VisualStudioSourceCodeAccess (324)
[2018.08.31-11.37.13:520][565]LogModuleManager: Shutting down and abandoning module VisualStudioCodeSourceCodeAccess (322)
[2018.08.31-11.37.13:520][565]LogModuleManager: Shutting down and abandoning module UObjectPlugin (320)
[2018.08.31-11.37.13:520][565]LogModuleManager: Shutting down and abandoning module SubversionSourceControl (318)
[2018.08.31-11.37.13:531][565]LogModuleManager: Shutting down and abandoning module PerforceSourceControl (316)
[2018.08.31-11.37.13:554][565]LogModuleManager: Shutting down and abandoning module GitSourceControl (314)
[2018.08.31-11.37.13:554][565]LogModuleManager: Shutting down and abandoning module SourceControl (313)
[2018.08.31-11.37.13:567][565]LogModuleManager: Shutting down and abandoning module CLionSourceCodeAccess (310)
[2018.08.31-11.37.13:567][565]LogModuleManager: Shutting down and abandoning module LightPropagationVolumeEditor (308)
[2018.08.31-11.37.13:567][565]LogModuleManager: Shutting down and abandoning module PaperTiledImporter (306)
[2018.08.31-11.37.13:567][565]LogModuleManager: Shutting down and abandoning module PaperSpriteSheetImporter (304)
[2018.08.31-11.37.13:567][565]LogModuleManager: Shutting down and abandoning module Paper2DEditor (302)
[2018.08.31-11.37.13:595][565]LogModuleManager: Shutting down and abandoning module MeshPaint (301)
[2018.08.31-11.37.13:613][565]LogModuleManager: Shutting down and abandoning module RuntimePhysXCooking (298)
[2018.08.31-11.37.13:613][565]LogModuleManager: Shutting down and abandoning module PhysXVehiclesEditor (296)
[2018.08.31-11.37.13:613][565]LogModuleManager: Shutting down and abandoning module PhysXVehicles (294)
[2018.08.31-11.37.13:613][565]LogModuleManager: Shutting down and abandoning module OculusEditor (292)
[2018.08.31-11.37.13:630][565]LogModuleManager: Shutting down and abandoning module LocationServicesBPLibrary (290)
[2018.08.31-11.37.13:630][565]LogModuleManager: Shutting down and abandoning module ImmediatePhysicsEditor (288)
[2018.08.31-11.37.13:630][565]LogModuleManager: Shutting down and abandoning module ImmediatePhysics (286)
[2018.08.31-11.37.13:656][565]LogModuleManager: Shutting down and abandoning module ActorSequence (284)
[2018.08.31-11.37.13:656][565]LogModuleManager: Shutting down and abandoning module UdpMessaging (282)
[2018.08.31-11.37.13:756][565]LogModuleManager: Shutting down and abandoning module TcpMessaging (280)
[2018.08.31-11.37.13:856][565]LogModuleManager: Shutting down and abandoning module MagicLeapAudio (278)
[2018.08.31-11.37.13:856][565]LogModuleManager: Shutting down and abandoning module GameplayTagsEditor (276)
[2018.08.31-11.37.13:877][565]LogModuleManager: Shutting down and abandoning module FacialAnimationEditor (274)
[2018.08.31-11.37.13:877][565]LogModuleManager: Shutting down and abandoning module FacialAnimation (272)
[2018.08.31-11.37.13:877][565]LogModuleManager: Shutting down and abandoning module DataValidation (270)
[2018.08.31-11.37.13:877][565]LogModuleManager: Shutting down and abandoning module AssetManagerEditor (268)
[2018.08.31-11.37.13:890][565]LogModuleManager: Shutting down and abandoning module LevelEditor (267)
[2018.08.31-11.37.13:916][565]LogModuleManager: Shutting down and abandoning module PixelInspectorModule (266)
[2018.08.31-11.37.13:929][565]LogModuleManager: Shutting down and abandoning module CommonMenuExtensions (264)
[2018.08.31-11.37.13:930][565]LogModuleManager: Shutting down and abandoning module MainFrame (262)
[2018.08.31-11.37.13:955][565]LogModuleManager: Shutting down and abandoning module HotReload (261)
[2018.08.31-11.37.13:956][565]LogModuleManager: Shutting down and abandoning module ContentBrowser (257)
[2018.08.31-11.37.13:958][565]LogModuleManager: Shutting down and abandoning module TreeMap (255)
[2018.08.31-11.37.13:978][565]LogModuleManager: Shutting down and abandoning module LightPropagationVolumeRuntime (252)
[2018.08.31-11.37.13:978][565]LogModuleManager: Shutting down and abandoning module AISupportModule (250)
[2018.08.31-11.37.13:978][565]LogModuleManager: Shutting down and abandoning module Paper2D (248)
[2018.08.31-11.37.13:994][565]LogModuleManager: Shutting down and abandoning module WindowsMoviePlayer (246)
[2018.08.31-11.37.14:011][565]LogModuleManager: Shutting down and abandoning module WmfMedia (244)
[2018.08.31-11.37.14:029][565]LogModuleManager: Shutting down and abandoning module Media (243)
[2018.08.31-11.37.14:035][565]LogModuleManager: Shutting down and abandoning module PacketHandler (240)
[2018.08.31-11.37.14:035][565]LogModuleManager: Shutting down and abandoning module ClothingSystemEditor (238)
[2018.08.31-11.37.14:035][565]LogModuleManager: Shutting down and abandoning module ClothingSystemRuntime (236)
[2018.08.31-11.37.14:060][565]LogModuleManager: Shutting down and abandoning module MediaAssets (234)
[2018.08.31-11.37.14:061][565]LogModuleManager: Shutting down and abandoning module Overlay (232)
[2018.08.31-11.37.14:061][565]LogModuleManager: Shutting down and abandoning module OverlayEditor (231)
[2018.08.31-11.37.14:061][565]LogModuleManager: Shutting down and abandoning module VREditor (228)
[2018.08.31-11.37.14:085][565]LogModuleManager: Shutting down and abandoning module StringTableEditor (226)
[2018.08.31-11.37.14:111][565]LogModuleManager: Shutting down and abandoning module GameplayTasksEditor (224)
[2018.08.31-11.37.14:111][565]LogModuleManager: Shutting down and abandoning module BehaviorTreeEditor (222)
[2018.08.31-11.37.14:150][565]LogModuleManager: Shutting down and abandoning module FunctionalTesting (220)
[2018.08.31-11.37.14:173][565]LogModuleManager: Shutting down and abandoning module CollisionAnalyzer (218)
[2018.08.31-11.37.14:196][565]LogModuleManager: Shutting down and abandoning module WorkspaceMenuStructure (217)
[2018.08.31-11.37.14:196][565]LogModuleManager: Shutting down and abandoning module UMG (214)
[2018.08.31-11.37.14:211][565]LogModuleManager: Shutting down and abandoning module UMGEditor (213)
[2018.08.31-11.37.14:211][565]LogModuleManager: Shutting down and abandoning module Sequencer (212)
[2018.08.31-11.37.14:225][565]LogModuleManager: Shutting down and abandoning module MessageLog (209)
[2018.08.31-11.37.14:225][565]LogModuleManager: Shutting down and abandoning module SlateReflector (204)
[2018.08.31-11.37.14:247][565]LogModuleManager: Shutting down and abandoning module Slate (202)
[2018.08.31-11.37.14:247][565]LogModuleManager: Shutting down and abandoning module EditorStyle (200)
[2018.08.31-11.37.14:249][565]LogModuleManager: Shutting down and abandoning module MRMesh (198)
[2018.08.31-11.37.14:249][565]LogModuleManager: Shutting down and abandoning module SourceCodeAccess (196)
[2018.08.31-11.37.14:249][565]LogModuleManager: Shutting down and abandoning module HeadMountedDisplay (194)
[2018.08.31-11.37.14:249][565]LogModuleManager: Shutting down and abandoning module XAudio2 (192)
[2018.08.31-11.37.14:249][565]LogModuleManager: Shutting down and abandoning module Networking (190)
[2018.08.31-11.37.14:249][565]LogModuleManager: Shutting down and abandoning module Core (188)
[2018.08.31-11.37.14:249][565]LogModuleManager: Shutting down and abandoning module LevelSequence (186)
[2018.08.31-11.37.14:249][565]LogModuleManager: Shutting down and abandoning module KismetCompiler (184)
[2018.08.31-11.37.14:249][565]LogModuleManager: Shutting down and abandoning module MeshUtilities (182)
[2018.08.31-11.37.14:283][565]LogModuleManager: Shutting down and abandoning module MeshMergeUtilities (181)
[2018.08.31-11.37.14:297][565]LogModuleManager: Shutting down and abandoning module MeshReductionInterface (180)
[2018.08.31-11.37.14:298][565]LogModuleManager: Shutting down and abandoning module SimplygonSwarm (179)
[2018.08.31-11.37.14:312][565]LogModuleManager: Shutting down and abandoning module ProxyLODMeshReduction (177)
[2018.08.31-11.37.14:340][565]LogModuleManager: Shutting down and abandoning module SimplygonMeshReduction (175)
[2018.08.31-11.37.14:340][565]LogModuleManager: Shutting down and abandoning module QuadricMeshReduction (173)
[2018.08.31-11.37.14:365][565]LogModuleManager: Shutting down and abandoning module MaterialBaking (169)
[2018.08.31-11.37.14:377][565]LogModuleManager: Shutting down and abandoning module DirectoryWatcher (165)
[2018.08.31-11.37.14:377][565]LogModuleManager: Shutting down and abandoning module DerivedDataCache (162)
[2018.08.31-11.37.14:465][565]LogDerivedDataCache: Shutdown
[2018.08.31-11.37.14:465][565]LogModuleManager: Shutting down and abandoning module XGEController (160)
[2018.08.31-11.37.14:465][565]LogModuleManager: Shutting down and abandoning module TargetPlatform (158)
[2018.08.31-11.37.14:465][565]LogModuleManager: Shutting down and abandoning module VulkanShaderFormat (157)
[2018.08.31-11.37.14:495][565]LogModuleManager: Shutting down and abandoning module ShaderFormatVectorVM (155)
[2018.08.31-11.37.14:495][565]LogModuleManager: Shutting down and abandoning module ShaderFormatOpenGL (153)
[2018.08.31-11.37.14:508][565]LogModuleManager: Shutting down and abandoning module ShaderFormatD3D (151)
[2018.08.31-11.37.14:508][565]LogModuleManager: Shutting down and abandoning module MetalShaderFormat (149)
[2018.08.31-11.37.14:523][565]LogModuleManager: Shutting down and abandoning module TextureFormatUncompressed (147)
[2018.08.31-11.37.14:523][565]LogModuleManager: Shutting down and abandoning module TextureFormatPVR (145)
[2018.08.31-11.37.14:523][565]LogModuleManager: Shutting down and abandoning module TextureFormatDXT (143)
[2018.08.31-11.37.14:523][565]LogModuleManager: Shutting down and abandoning module TextureFormatIntelISPCTexComp (141)
[2018.08.31-11.37.14:524][565]LogModuleManager: Shutting down and abandoning module TextureFormatASTC (139)
[2018.08.31-11.37.14:524][565]LogModuleManager: Shutting down and abandoning module ImageWrapper (138)
[2018.08.31-11.37.14:524][565]LogModuleManager: Shutting down and abandoning module TextureFormatAndroid (135)
[2018.08.31-11.37.14:524][565]LogModuleManager: Shutting down and abandoning module AudioFormatOpus (133)
[2018.08.31-11.37.14:524][565]LogModuleManager: Shutting down and abandoning module AudioFormatOgg (131)
[2018.08.31-11.37.14:524][565]LogModuleManager: Shutting down and abandoning module AudioFormatADPCM (129)
[2018.08.31-11.37.14:524][565]LogModuleManager: Shutting down and abandoning module LuminTargetPlatform (127)
[2018.08.31-11.37.14:524][565]LogModuleManager: Shutting down and abandoning module LinuxTargetPlatform (125)
[2018.08.31-11.37.14:524][565]LogModuleManager: Shutting down and abandoning module LinuxServerTargetPlatform (123)
[2018.08.31-11.37.14:524][565]LogModuleManager: Shutting down and abandoning module LinuxNoEditorTargetPlatform (121)
[2018.08.31-11.37.14:524][565]LogModuleManager: Shutting down and abandoning module LinuxClientTargetPlatform (119)
[2018.08.31-11.37.14:524][565]LogModuleManager: Shutting down and abandoning module TVOSTargetPlatform (117)
[2018.08.31-11.37.14:526][565]LogModuleManager: Shutting down and abandoning module Messaging (115)
[2018.08.31-11.37.14:526][565]LogModuleManager: Shutting down and abandoning module IOSTargetPlatform (113)
[2018.08.31-11.37.14:528][565]LogModuleManager: Shutting down and abandoning module HTML5TargetPlatform (111)
[2018.08.31-11.37.14:528][565]LogModuleManager: Shutting down and abandoning module AndroidTargetPlatform (109)
[2018.08.31-11.37.14:542][565]LogModuleManager: Shutting down and abandoning module WindowsTargetPlatform (107)
[2018.08.31-11.37.14:542][565]LogModuleManager: Shutting down and abandoning module WindowsServerTargetPlatform (105)
[2018.08.31-11.37.14:542][565]LogModuleManager: Shutting down and abandoning module WindowsNoEditorTargetPlatform (103)
[2018.08.31-11.37.14:542][565]LogModuleManager: Shutting down and abandoning module WindowsClientTargetPlatform (101)
[2018.08.31-11.37.14:542][565]LogModuleManager: Shutting down and abandoning module MacTargetPlatform (99)
[2018.08.31-11.37.14:542][565]LogModuleManager: Shutting down and abandoning module MacServerTargetPlatform (97)
[2018.08.31-11.37.14:542][565]LogModuleManager: Shutting down and abandoning module MacNoEditorTargetPlatform (95)
[2018.08.31-11.37.14:542][565]LogModuleManager: Shutting down and abandoning module MacClientTargetPlatform (93)
[2018.08.31-11.37.14:542][565]LogModuleManager: Shutting down and abandoning module AllDesktopTargetPlatform (91)
[2018.08.31-11.37.14:543][565]LogModuleManager: Shutting down and abandoning module InputCore (88)
[2018.08.31-11.37.14:543][565]LogModuleManager: Shutting down and abandoning module Settings (86)
[2018.08.31-11.37.14:543][565]LogModuleManager: Shutting down and abandoning module PhysXCooking (84)
[2018.08.31-11.37.14:543][565]LogModuleManager: Shutting down and abandoning module SteamVR (82)
[2018.08.31-11.37.14:543][565]LogModuleManager: Shutting down and abandoning module OculusHMD (80)
[2018.08.31-11.37.14:556][565]LogModuleManager: Shutting down and abandoning module ExampleDeviceProfileSelector (78)
[2018.08.31-11.37.14:556][565]LogModuleManager: Shutting down and abandoning module LauncherChunkInstaller (76)
[2018.08.31-11.37.14:556][565]LogModuleManager: Shutting down and abandoning module OnlineBlueprintSupport (74)
[2018.08.31-11.37.14:556][565]LogModuleManager: Shutting down and abandoning module OnlineSubsystem (70)
[2018.08.31-11.37.14:601][565]LogModuleManager: Shutting down and abandoning module XMPP (65)
[2018.08.31-11.37.14:629][565]LogModuleManager: Shutting down and abandoning module WebSockets (64)
[2018.08.31-11.37.14:656][565]LogModuleManager: Shutting down and abandoning module HTTP (61)
[2018.08.31-11.37.14:667][565]LogHttp: Display: Http module shutting down, but needs to wait on 1 outstanding Http requests:
[2018.08.31-11.37.14:667][565]LogHttp: Display: 	verb=[POST] url=[https://datarouter.ol.epicgames.com/datarouter/api/v1/public/data?SessionID=%7BAEED65F7-4CC6-3833-47CD-C79BC0263DB6%7D&AppID=UEEditor.Rocket.Release&AppVersion=4.20.2-4302132%2B%2B%2BUE4%2BRelease-4.20&UserID=6b7b0c9d4ae7080f718926b0c0e74592%7Ca8acd073419d4ba5af06128a796b67e5%7C16748a16-ac96-4a19-acf9-81021a0a2cc2&AppEnvironment=datacollector-binary&UploadType=eteventstream] status=Processing
[2018.08.31-11.37.14:687][565]LogModuleManager: Shutting down and abandoning module SSL (60)
[2018.08.31-11.37.14:712][565]LogModuleManager: Shutting down and abandoning module MagicLeapEmulator (56)
[2018.08.31-11.37.14:712][565]LogModuleManager: Shutting down and abandoning module MagicLeapPrivileges (54)
[2018.08.31-11.37.14:712][565]LogModuleManager: Shutting down and abandoning module MagicLeapIdentity (52)
[2018.08.31-11.37.14:712][565]LogModuleManager: Shutting down and abandoning module MagicLeapHelperVulkan (50)
[2018.08.31-11.37.14:712][565]LogModuleManager: Shutting down and abandoning module MagicLeapHelperOpenGL (48)
[2018.08.31-11.37.14:712][565]LogModuleManager: Shutting down and abandoning module MagicLeapSecureStorage (46)
[2018.08.31-11.37.14:712][565]LogModuleManager: Shutting down and abandoning module MagicLeapGestures (44)
[2018.08.31-11.37.14:712][565]LogModuleManager: Shutting down and abandoning module MagicLeapEyeTracker (42)
[2018.08.31-11.37.14:712][565]LogModuleManager: Shutting down and abandoning module MagicLeapController (40)
[2018.08.31-11.37.14:712][565]LogSlate: Slate User Destroyed.  User Index 0, Is Virtual User: 0
[2018.08.31-11.37.14:712][565]LogModuleManager: Shutting down and abandoning module MagicLeap (38)
[2018.08.31-11.37.14:712][565]LogModuleManager: Shutting down and abandoning module AnimationModifiers (36)
[2018.08.31-11.37.14:741][565]LogModuleManager: Shutting down and abandoning module PropertyEditor (35)
[2018.08.31-11.37.14:759][565]LogModuleManager: Shutting down and abandoning module AudioEditor (32)
[2018.08.31-11.37.14:780][565]LogModuleManager: Shutting down and abandoning module TextureCompressor (30)
[2018.08.31-11.37.14:780][565]LogModuleManager: Shutting down and abandoning module ShaderCore (28)
[2018.08.31-11.37.14:780][565]LogModuleManager: Shutting down and abandoning module Landscape (26)
[2018.08.31-11.37.14:780][565]LogModuleManager: Shutting down and abandoning module SlateRHIRenderer (24)
[2018.08.31-11.37.14:805][565]LogModuleManager: Shutting down and abandoning module OpenGLDrv (22)
[2018.08.31-11.37.14:816][565]LogModuleManager: Shutting down and abandoning module D3D11RHI (20)
[2018.08.31-11.37.14:816][565]LogModuleManager: Shutting down and abandoning module AnimGraphRuntime (18)
[2018.08.31-11.37.14:831][565]LogModuleManager: Shutting down and abandoning module Renderer (16)
[2018.08.31-11.37.14:831][565]LogModuleManager: Shutting down and abandoning module Engine (14)
[2018.08.31-11.37.14:831][565]LogModuleManager: Shutting down and abandoning module CoreUObject (12)
[2018.08.31-11.37.14:831][565]LogModuleManager: Shutting down and abandoning module NetworkFile (10)
[2018.08.31-11.37.14:831][565]LogModuleManager: Shutting down and abandoning module CookedIterativeFile (8)
[2018.08.31-11.37.14:831][565]LogModuleManager: Shutting down and abandoning module StreamingFile (6)
[2018.08.31-11.37.14:832][565]LogModuleManager: Shutting down and abandoning module SandboxFile (4)
[2018.08.31-11.37.14:832][565]LogModuleManager: Shutting down and abandoning module PakFile (2)
[2018.08.31-11.37.14:885][565]LogExit: Exiting.
[2018.08.31-11.37.14:895][565]Log file closed, 08/31/18 13:37:14
