Log file open, 08/31/18 13:42:12
LogWindows: Failed to load 'aqProf.dll' (GetLastError=126)
LogWindows: File 'aqProf.dll' does not exist
LogWindows: Failed to load 'VSPerf140.dll' (GetLastError=126)
LogWindows: File 'VSPerf140.dll' does not exist
LogWindows: Failed to load 'VtuneApi.dll' (GetLastError=126)
LogWindows: File 'VtuneApi.dll' does not exist
LogWindows: Failed to load 'VtuneApi32e.dll' (GetLastError=126)
LogWindows: File 'VtuneApi32e.dll' does not exist
LogInit: Display: Running engine for game: HoopBall
LogPlatformFile: Not using cached read wrapper
LogTaskGraph: Started task graph with 5 named threads and 23 total threads with 3 sets of task threads.
LogStats: Stats thread started at 0.254759
LogD3D11RHI: Loaded GFSDK_Aftermath_Lib.x64.dll
LogICUInternationalization: Display: ICU TimeZone Detection - Raw Offset: +2:00, Platform Override: ''
LogPluginManager: Mounting plugin Paper2D
LogPluginManager: Mounting plugin AISupport
LogPluginManager: Mounting plugin LightPropagationVolume
LogPluginManager: Mounting plugin CLionSourceCodeAccess
LogPluginManager: Mounting plugin CodeLiteSourceCodeAccess
LogPluginManager: Mounting plugin GitSourceControl
LogPluginManager: Mounting plugin KDevelopSourceCodeAccess
LogPluginManager: Mounting plugin NullSourceCodeAccess
LogPluginManager: Mounting plugin PerforceSourceControl
LogPluginManager: Mounting plugin SubversionSourceControl
LogPluginManager: Mounting plugin UObjectPlugin
LogPluginManager: Mounting plugin VisualStudioCodeSourceCodeAccess
LogPluginManager: Mounting plugin VisualStudioSourceCodeAccess
LogPluginManager: Mounting plugin XCodeSourceCodeAccess
LogPluginManager: Mounting plugin AssetManagerEditor
LogPluginManager: Mounting plugin CryptoKeys
LogPluginManager: Mounting plugin DataValidation
LogPluginManager: Mounting plugin FacialAnimation
LogPluginManager: Mounting plugin GameplayTagsEditor
LogPluginManager: Mounting plugin MacGraphicsSwitching
LogPluginManager: Mounting plugin MeshEditor
LogPluginManager: Mounting plugin MobileLauncherProfileWizard
LogPluginManager: Mounting plugin PluginBrowser
LogPluginManager: Mounting plugin SpeedTreeImporter
LogPluginManager: Mounting plugin DatasmithContent
LogPluginManager: Mounting plugin AlembicImporter
LogPluginManager: Mounting plugin AppleImageUtils
LogPluginManager: Mounting plugin AppleVision
LogPluginManager: Mounting plugin BackChannel
LogPluginManager: Mounting plugin CharacterAI
LogPluginManager: Mounting plugin GeometryCache
LogPluginManager: Mounting plugin HTML5Networking
LogPluginManager: Mounting plugin ProxyLODPlugin
LogPluginManager: Mounting plugin MagicLeap
LogPluginManager: Mounting plugin MagicLeapEmulator
LogPluginManager: Mounting plugin MagicLeapMedia
LogPluginManager: Mounting plugin gameDNAinstaller
LogPluginManager: Mounting plugin AndroidMedia
LogPluginManager: Mounting plugin AvfMedia
LogPluginManager: Mounting plugin ImgMedia
LogPluginManager: Mounting plugin LinearTimecode
LogPluginManager: Mounting plugin MediaCompositing
LogPluginManager: Mounting plugin MediaPlayerEditor
LogPluginManager: Mounting plugin WmfMedia
LogPluginManager: Mounting plugin TcpMessaging
LogPluginManager: Mounting plugin UdpMessaging
LogPluginManager: Mounting plugin ActorSequence
LogPluginManager: Mounting plugin LevelSequenceEditor
LogPluginManager: Mounting plugin MatineeToLevelSequence
LogPluginManager: Mounting plugin NetcodeUnitTest
LogPluginManager: Mounting plugin NUTUnrealEngine4
LogPluginManager: Mounting plugin OnlineSubsystemGooglePlay
LogPluginManager: Mounting plugin OnlineSubsystemIOS
LogPluginManager: Mounting plugin OnlineSubsystem
LogPluginManager: Mounting plugin OnlineSubsystemNull
LogPluginManager: Mounting plugin OnlineSubsystemUtils
LogPluginManager: Mounting plugin LauncherChunkInstaller
LogPluginManager: Mounting plugin AndroidDeviceProfileSelector
LogPluginManager: Mounting plugin AndroidMoviePlayer
LogPluginManager: Mounting plugin AndroidPermission
LogPluginManager: Mounting plugin AppleMoviePlayer
LogPluginManager: Mounting plugin ArchVisCharacter
LogPluginManager: Mounting plugin AudioCapture
LogPluginManager: Mounting plugin CableComponent
LogPluginManager: Mounting plugin CustomMeshComponent
LogPluginManager: Mounting plugin EditableMesh
LogPluginManager: Mounting plugin ExampleDeviceProfileSelector
LogPluginManager: Mounting plugin GoogleCloudMessaging
LogPluginManager: Mounting plugin ImmediatePhysics
LogPluginManager: Mounting plugin IOSDeviceProfileSelector
LogPluginManager: Mounting plugin LinuxDeviceProfileSelector
LogPluginManager: Mounting plugin LocationServicesBPLibrary
LogPluginManager: Mounting plugin MobilePatchingUtils
LogPluginManager: Mounting plugin OculusVR
LogPluginManager: Plugin shader directory ../../../Engine/Plugins/Runtime/Oculus/OculusVR/Shaders found
LogPluginManager: Mapping shader source directory ../../../Engine/Plugins/Runtime/Oculus/OculusVR/Shaders to virtual directory /Plugin/OculusVR
LogPluginManager: Mounting plugin PhysXVehicles
LogPluginManager: Mounting plugin ProceduralMeshComponent
LogPluginManager: Mounting plugin RuntimePhysXCooking
LogPluginManager: Mounting plugin SteamVR
LogPluginManager: Mounting plugin WindowsMoviePlayer
LogStreaming: Display: Took  0.067s to configure plugins.
LogInit: Using libcurl 7.55.1-DEV
LogInit:  - built for x86_64-pc-win32
LogInit:  - supports SSL with OpenSSL/1.0.2h
LogInit:  - supports HTTP deflate (compression) using libz 1.2.8
LogInit:  - other features:
LogInit:      CURL_VERSION_SSL
LogInit:      CURL_VERSION_LIBZ
LogInit:      CURL_VERSION_IPV6
LogInit:      CURL_VERSION_ASYNCHDNS
LogInit:      CURL_VERSION_LARGEFILE
LogInit:      CURL_VERSION_IDN
LogInit:  CurlRequestOptions (configurable via config and command line):
LogInit:  - bVerifyPeer = false  - Libcurl will NOT verify peer certificate
LogInit:  - bUseHttpProxy = false  - Libcurl will NOT use HTTP proxy
LogInit:  - bDontReuseConnections = false  - Libcurl will reuse connections
LogInit:  - CertBundlePath = nullptr  - Libcurl will use whatever was configured at build time.
LogInit:  - MaxHostConnections = 16  - Libcurl will limit the number of connections to a host
LogInit:  - LocalHostAddr = Default
LogInit:  - BufferSize = 65536
LogInit: WinSock: version 1.1 (2.2), MaxSocks=32767, MaxUdp=65467
LogInit: Build: ++UE4+Release-4.20-CL-4302132
LogInit: Engine Version: 4.20.2-4302132+++UE4+Release-4.20
LogInit: Compatible Engine Version: 4.20.0-4212847+++UE4+Release-4.20
LogInit: Net CL: 4212847
LogInit: OS: Windows 7 (Service Pack 1), CPU:         Intel(R) Core(TM) i7-3820 CPU @ 3.60GHz, GPU: NVIDIA GeForce GTX 1070
LogInit: Compiled (64-bit): Aug 21 2018 02:06:06
LogInit: Compiled with Visual C++: 19.13.26129.00
LogInit: Build Configuration: Development
LogInit: Branch Name: ++UE4+Release-4.20
LogInit: Command Line:  
LogInit: Base Directory: L:/Program Files/Epic Games/UE_4.20/Engine/Binaries/Win64/
LogInit: Installed Engine Build: 1
LogDevObjectVersion: Number of dev versions registered: 20
LogDevObjectVersion:   Dev-Blueprints (B0D832E4-1F89-4F0D-ACCF-7EB736FD4AA2): 10
LogDevObjectVersion:   Dev-Build (E1C64328-A22C-4D53-A36C-8E866417BD8C): 0
LogDevObjectVersion:   Dev-Core (375EC13C-06E4-48FB-B500-84F0262A717E): 2
LogDevObjectVersion:   Dev-Editor (E4B068ED-F494-42E9-A231-DA0B2E46BB41): 24
LogDevObjectVersion:   Dev-Framework (CFFC743F-43B0-4480-9391-14DF171D2073): 34
LogDevObjectVersion:   Dev-Mobile (B02B49B5-BB20-44E9-A304-32B752E40360): 2
LogDevObjectVersion:   Dev-Networking (A4E4105C-59A1-49B5-A7C5-40C4547EDFEE): 0
LogDevObjectVersion:   Dev-Online (39C831C9-5AE6-47DC-9A44-9C173E1C8E7C): 0
LogDevObjectVersion:   Dev-Physics (78F01B33-EBEA-4F98-B9B4-84EACCB95AA2): 0
LogDevObjectVersion:   Dev-Platform (6631380F-2D4D-43E0-8009-CF276956A95A): 0
LogDevObjectVersion:   Dev-Rendering (12F88B9F-8875-4AFC-A67C-D90C383ABD29): 26
LogDevObjectVersion:   Dev-Sequencer (7B5AE74C-D270-4C10-A958-57980B212A5A): 9
LogDevObjectVersion:   Dev-VR (D7296918-1DD6-4BDD-9DE2-64A83CC13884): 2
LogDevObjectVersion:   Dev-LoadTimes (C2A15278-BFE7-4AFE-6C17-90FF531DF755): 1
LogDevObjectVersion:   Private-Geometry (6EACA3D4-40EC-4CC1-B786-8BED09428FC5): 3
LogDevObjectVersion:   Dev-AnimPhys (29E575DD-E0A3-4627-9D10-D276232CDCEA): 17
LogDevObjectVersion:   Dev-ReflectionCapture (6B266CEC-1EC7-4B8F-A30B-E4D90942FC07): 1
LogDevObjectVersion:   Dev-Automation (0DF73D61-A23F-47EA-B727-89E90C41499A): 1
LogDevObjectVersion:   FortniteMain (601D1886-AC64-4F84-AA16-D3DE0DEAC7D6): 12
LogDevObjectVersion:   Dev-Enterprise (9DFFBCD6-494F-0158-E221-12823C92A888): 1
LogStreaming: Display: Took  0.000s to delete old logs.
LogInit: Presizing for max 8388607 objects, including 0 objects not considered by GC, pre-allocating 0 bytes for permanent pool.
LogInit: Object subsystem initialized
[2018.08.31-11.42.12:646][  0]LogInit: Selected Device Profile: [Windows]
[2018.08.31-11.42.12:646][  0]LogInit: Applying CVar settings loaded from the selected device profile: [Windows]
[2018.08.31-11.42.12:655][  0]LogHAL: Display: Platform has ~ 16 GB [17128501248 / 17179869184 / 16], which maps to Larger [LargestMinGB=32, LargerMinGB=12, DefaultMinGB=8, SmallerMinGB=6, SmallestMinGB=0)
[2018.08.31-11.42.12:655][  0]LogInit: Setting Device Profile CVar: [[r.Vulkan.UseRealUBs:1]]
[2018.08.31-11.42.12:655][  0]LogInit: Going up to parent DeviceProfile []
[2018.08.31-11.42.12:655][  0]LogInit: Computer: STEVEN-PC
[2018.08.31-11.42.12:655][  0]LogInit: User: Steven
[2018.08.31-11.42.12:655][  0]LogInit: CPU Page size=4096, Cores=4
[2018.08.31-11.42.12:655][  0]LogInit: High frequency timer resolution =3.515644 MHz
[2018.08.31-11.42.12:655][  0]LogMemory: Memory total: Physical=16.0GB (16GB approx)
[2018.08.31-11.42.12:655][  0]LogMemory: Platform Memory Stats for Windows
[2018.08.31-11.42.12:655][  0]LogMemory: Process Physical Memory: 101.67 MB used, 101.67 MB peak
[2018.08.31-11.42.12:655][  0]LogMemory: Process Virtual Memory: 93.30 MB used, 93.30 MB peak
[2018.08.31-11.42.12:655][  0]LogMemory: Physical Memory: 13660.46 MB used,  2674.55 MB free, 16335.01 MB total
[2018.08.31-11.42.12:655][  0]LogMemory: Virtual Memory: 482.19 MB used,  2674.55 MB free, 8388608.00 MB total
[2018.08.31-11.42.12:678][  0]LogInit: Using OS detected language (en-US).
[2018.08.31-11.42.12:678][  0]LogInit: Using OS detected locale (en-US).
[2018.08.31-11.42.12:678][  0]LogTextLocalizationManager: No specific localization for 'en-US' exists, so the 'en' localization will be used.
[2018.08.31-11.42.13:053][  0]LogStreaming: Display: Took  0.375s to InitEngineTextLocalization.
[2018.08.31-11.42.13:054][  0]LogWindows: Failed to load 'shcore.dll' (GetLastError=126)
[2018.08.31-11.42.13:054][  0]LogWindows: File 'shcore.dll' does not exist
[2018.08.31-11.42.13:054][  0]LogInit: Setting process to DPI aware
[2018.08.31-11.42.13:084][  0]LogSlate: New Slate User Created.  User Index 0, Is Virtual User: 0
[2018.08.31-11.42.13:084][  0]LogSlate: Slate User Registered.  User Index 0, Is Virtual User: 0
[2018.08.31-11.42.13:317][  0]LogHMD: Failed to initialize OpenVR with code 105
[2018.08.31-11.42.13:317][  0]LogD3D11RHI: D3D11 adapters:
[2018.08.31-11.42.13:361][  0]LogD3D11RHI:    0. 'NVIDIA GeForce GTX 1070' (Feature Level 11_0)
[2018.08.31-11.42.13:361][  0]LogD3D11RHI:       8077/0/7911 MB DedicatedVideo/DedicatedSystem/SharedSystem, Outputs:2, VendorId:0x10de
[2018.08.31-11.42.13:361][  0]LogD3D11RHI: Chosen D3D11 Adapter: 0
[2018.08.31-11.42.13:419][  0]LogD3D11RHI: Creating new Direct3DDevice
[2018.08.31-11.42.13:419][  0]LogD3D11RHI:     GPU DeviceId: 0x1b81 (for the marketing name, search the web for "GPU Device Id")
[2018.08.31-11.42.13:419][  0]LogWindows: EnumDisplayDevices:
[2018.08.31-11.42.13:419][  0]LogWindows:    0. 'NVIDIA GeForce GTX 1070' (P:1 D:1)
[2018.08.31-11.42.13:419][  0]LogWindows:    1. 'NVIDIA GeForce GTX 1070' (P:0 D:1)
[2018.08.31-11.42.13:420][  0]LogWindows:    2. 'NVIDIA GeForce GTX 1070' (P:0 D:0)
[2018.08.31-11.42.13:420][  0]LogWindows:    3. 'NVIDIA GeForce GTX 1070' (P:0 D:0)
[2018.08.31-11.42.13:420][  0]LogWindows:    4. 'RDPDD Chained DD' (P:0 D:0)
[2018.08.31-11.42.13:420][  0]LogWindows:    5. 'RDP Encoder Mirror Driver' (P:0 D:0)
[2018.08.31-11.42.13:420][  0]LogWindows:    6. 'RDP Reflector Display Driver' (P:0 D:0)
[2018.08.31-11.42.13:420][  0]LogWindows: DebugString: GetVideoDriverDetailsInvalid PrimaryIsNotTheChoosenAdapter GetVideoDriverDetailsInvalid PrimaryIsNotTheChoosenAdapter GetVideoDriverDetailsInvalid PrimaryIsNotTheChoosenAdapter FoundDriverCount:4 
[2018.08.31-11.42.13:420][  0]LogD3D11RHI:     Adapter Name: NVIDIA GeForce GTX 1070
[2018.08.31-11.42.13:420][  0]LogD3D11RHI:   Driver Version: 390.77 (internal:23.21.13.9077, unified:390.77)
[2018.08.31-11.42.13:420][  0]LogD3D11RHI:      Driver Date: 1-23-2018
[2018.08.31-11.42.13:420][  0]LogRHI: Texture pool is 5654 MB (70% of 8077 MB)
[2018.08.31-11.42.13:437][  0]LogD3D11RHI: Async texture creation enabled
[2018.08.31-11.42.13:456][  0]LogD3D11RHI: GPU Timing Frequency: 1000.000000 (Debug: 2 2)
[2018.08.31-11.42.13:500][  0]LogShaderCompilers: Guid format shader working directory is 4 characters bigger than the processId version (../../../../../../coded projects/HoopBall/Intermediate/Shaders/WorkingDirectory/693056/).
[2018.08.31-11.42.13:500][  0]LogShaderCompilers: Cleaned the shader compiler working directory 'C:/Users/Steven/AppData/Local/Temp/UnrealShaderWorkingDir/273DD04C498FF7FCF9CADC89D8B057D9/'.
[2018.08.31-11.42.13:739][  0]LogTemp: Display: Loaded TP AllDesktopTargetPlatform
[2018.08.31-11.42.13:754][  0]LogTemp: Display: Loaded TP MacClientTargetPlatform
[2018.08.31-11.42.13:769][  0]LogTemp: Display: Loaded TP MacNoEditorTargetPlatform
[2018.08.31-11.42.13:783][  0]LogTemp: Display: Loaded TP MacServerTargetPlatform
[2018.08.31-11.42.13:799][  0]LogTemp: Display: Loaded TP MacTargetPlatform
[2018.08.31-11.42.13:814][  0]LogTemp: Display: Loaded TP WindowsClientTargetPlatform
[2018.08.31-11.42.13:829][  0]LogTemp: Display: Loaded TP WindowsNoEditorTargetPlatform
[2018.08.31-11.42.13:844][  0]LogTemp: Display: Loaded TP WindowsServerTargetPlatform
[2018.08.31-11.42.13:851][  0]LogTemp: Display: Loaded TP WindowsTargetPlatform
[2018.08.31-11.42.13:947][  0]LogTemp: Display: Loaded TP AndroidTargetPlatform
[2018.08.31-11.42.13:947][  0]LogTemp: Display: Loaded TP AndroidTargetPlatform
[2018.08.31-11.42.13:947][  0]LogTemp: Display: Loaded TP AndroidTargetPlatform
[2018.08.31-11.42.13:947][  0]LogTemp: Display: Loaded TP AndroidTargetPlatform
[2018.08.31-11.42.13:947][  0]LogTemp: Display: Loaded TP AndroidTargetPlatform
[2018.08.31-11.42.13:947][  0]LogTemp: Display: Loaded TP AndroidTargetPlatform
[2018.08.31-11.42.13:947][  0]LogTemp: Display: Loaded TP AndroidTargetPlatform
[2018.08.31-11.42.13:947][  0]LogTemp: Display: Loaded TP AndroidTargetPlatform
[2018.08.31-11.42.13:947][  0]LogTemp: Display: Loaded TP AndroidTargetPlatform
[2018.08.31-11.42.13:947][  0]LogTemp: Display: Loaded TP AndroidTargetPlatform
[2018.08.31-11.42.13:947][  0]LogTemp: Display: Loaded TP AndroidTargetPlatform
[2018.08.31-11.42.13:947][  0]LogTemp: Display: Loaded TP AndroidTargetPlatform
[2018.08.31-11.42.13:947][  0]LogTemp: Display: Loaded TP AndroidTargetPlatform
[2018.08.31-11.42.13:947][  0]LogTemp: Display: Loaded TP AndroidTargetPlatform
[2018.08.31-11.42.13:947][  0]LogTemp: Display: Loaded TP AndroidTargetPlatform
[2018.08.31-11.42.13:947][  0]LogTemp: Display: Loaded TP AndroidTargetPlatform
[2018.08.31-11.42.13:947][  0]LogTemp: Display: Loaded TP AndroidTargetPlatform
[2018.08.31-11.42.13:947][  0]LogTemp: Display: Loaded TP AndroidTargetPlatform
[2018.08.31-11.42.13:952][  0]LogTemp: Display: Loaded TP HTML5TargetPlatform
[2018.08.31-11.42.14:014][  0]LogTemp: Display: Loaded TP IOSTargetPlatform
[2018.08.31-11.42.14:014][  0]LogTemp: Display: Loaded TP IOSTargetPlatform
[2018.08.31-11.42.14:043][  0]LogTemp: Display: Loaded TP TVOSTargetPlatform
[2018.08.31-11.42.14:043][  0]LogTemp: Display: Loaded TP TVOSTargetPlatform
[2018.08.31-11.42.14:057][  0]LogTemp: Display: Loaded TP LinuxClientTargetPlatform
[2018.08.31-11.42.14:072][  0]LogTemp: Display: Loaded TP LinuxNoEditorTargetPlatform
[2018.08.31-11.42.14:087][  0]LogTemp: Display: Loaded TP LinuxServerTargetPlatform
[2018.08.31-11.42.14:102][  0]LogTemp: Display: Loaded TP LinuxTargetPlatform
[2018.08.31-11.42.14:113][  0]LogTemp: Display: Loaded TP LuminTargetPlatform
[2018.08.31-11.42.14:113][  0]LogTargetPlatformManager: Display: Building Assets For Windows
[2018.08.31-11.42.14:171][  0]LogShaderCompilers: Display: Using XGE Shader Compiler (Interception Interface).
[2018.08.31-11.42.14:981][  0]LogDerivedDataCache: Display: Max Cache Size: 512 MB
[2018.08.31-11.42.15:065][  0]LogDerivedDataCache: Loaded boot cache 0.08s 84MB C:/Users/Steven/AppData/Local/UnrealEngine/4.20/DerivedDataCache/Boot.ddc.
[2018.08.31-11.42.15:065][  0]LogDerivedDataCache: Display: Loaded Boot cache: C:/Users/Steven/AppData/Local/UnrealEngine/4.20/DerivedDataCache/Boot.ddc
[2018.08.31-11.42.15:065][  0]LogDerivedDataCache: FDerivedDataBackendGraph:  Pak pak cache file ../../../../../../coded projects/HoopBall/DerivedDataCache/DDC.ddp not found, will not use a pak cache.
[2018.08.31-11.42.15:065][  0]LogDerivedDataCache: Unable to find inner node Pak for hierarchical cache Hierarchy.
[2018.08.31-11.42.15:065][  0]LogDerivedDataCache: FDerivedDataBackendGraph:  CompressedPak pak cache file ../../../../../../coded projects/HoopBall/DerivedDataCache/Compressed.ddp not found, will not use a pak cache.
[2018.08.31-11.42.15:065][  0]LogDerivedDataCache: Unable to find inner node CompressedPak for hierarchical cache Hierarchy.
[2018.08.31-11.42.15:079][  0]LogDerivedDataCache: Display: Pak cache opened for reading ../../../Engine/DerivedDataCache/Compressed.ddp.
[2018.08.31-11.42.15:090][  0]LogDerivedDataCache: Using Local data cache path C:/Users/Steven/AppData/Local/UnrealEngine/Common/DerivedDataCache: Writable
[2018.08.31-11.42.15:090][  0]LogDerivedDataCache: Shared data cache path not found in *engine.ini, will not use an Shared cache.
[2018.08.31-11.42.15:090][  0]LogDerivedDataCache: Unable to find inner node Shared for hierarchical cache Hierarchy.
[2018.08.31-11.42.15:110][  0]LogMaterial: Verifying Global Shaders for PCD3D_SM5
[2018.08.31-11.42.15:111][  0]LogSlate: Using FreeType 2.6.0
[2018.08.31-11.42.15:112][  0]LogSlate: SlateFontServices - WITH_FREETYPE: 1, WITH_HARFBUZZ: 1
[2018.08.31-11.42.15:190][  0]LogAssetRegistry: FAssetRegistry took 0.0249 seconds to start up
[2018.08.31-11.42.15:565][  0]LogInit: Selected Device Profile: [Windows]
[2018.08.31-11.42.15:701][  0]LogSimplygon: Simplygon DLL not present - disabling.
[2018.08.31-11.42.15:704][  0]LogMeshReduction: Using SimplygonSwarm for distributed automatic mesh merging
[2018.08.31-11.42.15:704][  0]LogMeshReduction: Using ProxyLODMeshReduction for automatic mesh merging
[2018.08.31-11.42.15:704][  0]LogMeshReduction: Using QuadricMeshReduction for automatic static mesh reduction
[2018.08.31-11.42.15:704][  0]LogMeshReduction: No automatic skeletal mesh reduction module available
[2018.08.31-11.42.15:732][  0]LogNetVersion: HoopBall 1.0.0, NetCL: 4212847, EngineNetVer: 5, GameNetVer: 0 (Checksum: 2224932261)
[2018.08.31-11.42.16:241][  0]LogPackageLocalizationCache: Processed 11 localized package path(s) for 2 prioritized culture(s) in 0.079245 seconds
[2018.08.31-11.42.16:247][  0]LogUObjectArray: 38425 objects as part of root set at end of initial load.
[2018.08.31-11.42.16:247][  0]LogUObjectAllocator: 6690864 out of 0 bytes used by permanent object pool.
[2018.08.31-11.42.16:247][  0]LogUObjectArray: CloseDisregardForGC: 0/0 objects in disregard for GC pool
[2018.08.31-11.42.17:128][  0]LogTcpMessaging: Initializing TcpMessaging bridge
[2018.08.31-11.42.17:140][  0]LogUdpMessaging: Initializing bridge on interface 0.0.0.0:0 to multicast group 230.0.0.1:6666.
[2018.08.31-11.42.17:315][  0]SourceControl: Source control is disabled
[2018.08.31-11.42.17:651][  0]LogGameDNAinstaller: Display: gameDNA installer module started
[2018.08.31-11.42.18:353][  0]LogAndroidPermission: UAndroidPermissionCallbackProxy::GetInstance
[2018.08.31-11.42.18:480][  0]LogOcInput: OculusInput pre-init called
[2018.08.31-11.42.18:546][  0]LogEngine: Initializing Engine...
[2018.08.31-11.42.18:549][  0]LogHMD: Failed to initialize OpenVR with code 105
[2018.08.31-11.42.18:551][  0]LogStats: UGameplayTagsManager::ConstructGameplayTagTree: ImportINI prefixes -  0.000 s
[2018.08.31-11.42.18:551][  0]LogStats: UGameplayTagsManager::ConstructGameplayTagTree: Construct from data asset -  0.000 s
[2018.08.31-11.42.18:551][  0]LogStats: UGameplayTagsManager::ConstructGameplayTagTree: ImportINI -  0.000 s
[2018.08.31-11.42.18:551][  0]LogStats: UGameplayTagsManager::ConstructGameplayTagTree: GameplayTagTreeChangedEvent.Broadcast -  0.000 s
[2018.08.31-11.42.18:771][  0]LogInit: Initializing FReadOnlyCVARCache
[2018.08.31-11.42.18:783][  0]LogAIModule: Creating AISystem for world Untitled
[2018.08.31-11.42.18:810][  0]LogInit: XAudio2 using 'Speakers (Sennheiser Main Audio)' : 6 channels at 48 kHz using 16 bits per sample (channel mask 0x3f)
[2018.08.31-11.42.18:814][  0]LogInit: FAudioDevice initialized.
[2018.08.31-11.42.18:814][  0]LogNetVersion: Set ProjectVersion to 1.0.0.0. Version Checksum will be recalculated on next use.
[2018.08.31-11.42.18:900][  0]LogDerivedDataCache: Saved boot cache 0.09s 71MB C:/Users/Steven/AppData/Local/UnrealEngine/4.20/DerivedDataCache/Boot.ddc.
[2018.08.31-11.42.18:902][  0]LogInit: Texture streaming: Enabled
[2018.08.31-11.42.18:915][  0]LogEngineSessionManager: EngineSessionManager initialized
[2018.08.31-11.42.18:975][  0]LogInit: Transaction tracking system initialized
[2018.08.31-11.42.18:990][  0]BlueprintLog: New page: Editor Load
[2018.08.31-11.42.19:046][  0]LocalizationService: Localization service is disabled
[2018.08.31-11.42.19:499][  0]LogCook: Display: Max memory allowance for cook 16384mb min free memory 0mb
[2018.08.31-11.42.19:499][  0]LogCook: Display: Mobile HDR setting 0
[2018.08.31-11.42.19:499][  0]LogGameplayTags: Display: UGameplayTagsManager::DoneAddingNativeTags. DelegateIsBound: 0
[2018.08.31-11.42.19:499][  0]LogStats: UGameplayTagsManager::ConstructGameplayTagTree: ImportINI prefixes -  0.000 s
[2018.08.31-11.42.19:499][  0]LogStats: UGameplayTagsManager::ConstructGameplayTagTree: Construct from data asset -  0.000 s
[2018.08.31-11.42.19:500][  0]LogStats: UGameplayTagsManager::ConstructGameplayTagTree: ImportINI -  0.000 s
[2018.08.31-11.42.19:500][  0]LogStats: UGameplayTagsManager::ConstructGameplayTagTree: GameplayTagTreeChangedEvent.Broadcast -  0.000 s
[2018.08.31-11.42.19:598][  0]LogFileCache: Scanning file cache for directory 'L:/coded projects/HoopBall/Content/' took 0.02s
[2018.08.31-11.42.19:598][  0]Cmd: MAP LOAD FILE="../../../../../../coded projects/HoopBall/Content/Map/Main/Main_Map.umap" TEMPLATE=0 SHOWPROGRESS=1 FEATURELEVEL=3
[2018.08.31-11.42.19:598][  0]LightingResults: New page: Lighting Build
[2018.08.31-11.42.19:600][  0]MapCheck: New page: Map Check
[2018.08.31-11.42.19:600][  0]LightingResults: New page: Lighting Build
[2018.08.31-11.42.20:035][  0]LogBlueprint: Warning: [Compiler BP_UI_Anim_Char] Could not find a variable named "BottomButtonPart" in 'UI_MainMenu_C'.
Make sure 'UI_MainMenu_C' has been compiled for  Get BottomButtonPart
[2018.08.31-11.42.20:055][  0]LogBlueprint: Warning: [Compiler UI_MainMenu] Could not find a variable named "SettingsSlide" in 'UI_MainMenu_C'.
Make sure 'UI_MainMenu_C' has been compiled for  Get SettingsSlide
[2018.08.31-11.42.20:055][  0]LogBlueprint: Warning: [Compiler UI_MainMenu] Could not find a variable named "SettingsSlide" in 'UI_MainMenu_C'.
Make sure 'UI_MainMenu_C' has been compiled for  Get SettingsSlide
[2018.08.31-11.42.20:055][  0]LogBlueprint: Warning: [Compiler UI_MainMenu] Could not find a variable named "SettingsSlide" in 'UI_MainMenu_C'.
Make sure 'UI_MainMenu_C' has been compiled for  Get SettingsSlide
[2018.08.31-11.42.20:071][  0]LogBlueprint: Error: [Compiler BP_UI_Anim_Char] The property associated with  Bottom Button Part  could not be found in '/Game/Cartoony_UI_Anims/Blueprints/BP_UI_Anim_Char.BP_UI_Anim_Char_C'
[2018.08.31-11.42.20:094][  0]LogBlueprint: Error: [Compiler UI_MainMenu] The property associated with  Settings Slide  could not be found in '/Game/Cartoony_UI_Anims/UI/UI_MainMenu.UI_MainMenu_C'
[2018.08.31-11.42.20:094][  0]LogBlueprint: Error: [Compiler UI_MainMenu] The property associated with  Settings Slide  could not be found in '/Game/Cartoony_UI_Anims/UI/UI_MainMenu.UI_MainMenu_C'
[2018.08.31-11.42.20:094][  0]LogBlueprint: Error: [Compiler UI_MainMenu] The property associated with  Settings Slide  could not be found in '/Game/Cartoony_UI_Anims/UI/UI_MainMenu.UI_MainMenu_C'
[2018.08.31-11.42.20:128][  0]LogBlueprint: Warning: [Compiler BP_UI_Anim_Char] [0009.05] Compile of BP_UI_Anim_Char failed. 1 Fatal Issue(s) 1 Warning(s) [in 167 ms] (/Game/Cartoony_UI_Anims/Blueprints/BP_UI_Anim_Char.BP_UI_Anim_Char)
[2018.08.31-11.42.20:128][  0]LogBlueprint: Warning: [Compiler UI_MainMenu] [0009.05] Compile of UI_MainMenu failed. 3 Fatal Issue(s) 3 Warning(s) [in 167 ms] (/Game/Cartoony_UI_Anims/UI/UI_MainMenu.UI_MainMenu)
[2018.08.31-11.42.20:551][  0]LogAIModule: Creating AISystem for world Main_Map
[2018.08.31-11.42.20:556][  0]LogEditorServer: Finished looking for orphan Actors (0.000 secs)
[2018.08.31-11.42.20:582][  0]Cmd: MAP CHECKDEP NOCLEARLOG
[2018.08.31-11.42.20:642][  0]MapCheck: Map check complete: 0 Error(s), 0 Warning(s), took 59.659ms to complete.
[2018.08.31-11.42.20:642][  0]LogFileHelpers: Loading map 'Main_Map' took 1.045
[2018.08.31-11.42.20:754][  0]LogSlate: Updating window title bar state: overlay mode, drag disabled, window buttons hidden, title bar hidden
[2018.08.31-11.42.20:763][  0]LogSlate: Updating window title bar state: overlay mode, drag disabled, window buttons hidden, title bar hidden
[2018.08.31-11.42.20:772][  0]LogSlate: Updating window title bar state: overlay mode, drag disabled, window buttons hidden, title bar hidden
[2018.08.31-11.42.20:781][  0]LogSlate: Updating window title bar state: overlay mode, drag disabled, window buttons hidden, title bar hidden
[2018.08.31-11.42.21:131][  0]LogSlate: Took 0.000258 seconds to synchronously load lazily loaded font '../../../Engine/Content/Slate/Fonts/Roboto-Regular.ttf' (155K)
[2018.08.31-11.42.22:011][  0]LogSlate: Only BGRA pngs, bmps or icos are supported in by External Image Picker
[2018.08.31-11.42.22:072][  0]LogTemp: Executing iPhonePackager certificates Engine -bundlename com.YourCompany.HoopBall
[2018.08.31-11.42.22:072][  0]LogTemp: CWD: L:\Program Files\Epic Games\UE_4.20\Engine\Binaries\DotNET\IOS
[2018.08.31-11.42.22:072][  0]LogTemp: Initial Dir: L:\Program Files\Epic Games\UE_4.20
[2018.08.31-11.42.22:072][  0]LogTemp: Env CWD: L:\Program Files\Epic Games\UE_4.20\Engine\Binaries\DotNET\IOS
[2018.08.31-11.42.22:072][  0]LogTemp: BranchPath = STEVEN-PC/L/Program Files/Epic Games/UE_4.20/Engine/Binaries --- GameBranchPath = STEVEN-PC/L/Program Files/Epic Games/UE_4.20/Engine/Binaries
[2018.08.31-11.42.22:072][  0]LogTemp: IPP ERROR: Could not find provision directory 'C:\Users\Steven\AppData\Local/Apple Computer/MobileDevice/Provisioning Profiles/'.
[2018.08.31-11.42.22:072][  0]LogCollectionManager: Loaded 0 collections in 0.001496 seconds
[2018.08.31-11.42.22:120][  0]LogFileCache: Scanning file cache for directory 'L:/coded projects/HoopBall/Saved/Collections/' took 0.01s
[2018.08.31-11.42.22:120][  0]LogFileCache: Scanning file cache for directory 'L:/coded projects/HoopBall/Content/Developers/Steven/Collections/' took 0.01s
[2018.08.31-11.42.22:120][  0]LogFileCache: Scanning file cache for directory 'L:/coded projects/HoopBall/Content/Collections/' took 0.01s
[2018.08.31-11.42.22:120][  0]LogCollectionManager: Rebuilt the GUID cache for 0 collections in 0.000000 seconds
[2018.08.31-11.42.22:133][  0]LogContentBrowser: Native class hierarchy populated in 0.0132 seconds. Added 2574 classes and 608 folders.
[2018.08.31-11.42.22:139][  0]LogContentBrowser: Native class hierarchy updated for 'WidgetCarousel' in 0.0002 seconds. Added 0 classes and 0 folders.
[2018.08.31-11.42.22:187][  0]LogContentBrowser: Native class hierarchy updated for 'AddContentDialog' in 0.0004 seconds. Added 0 classes and 0 folders.
[2018.08.31-11.42.22:237][  0]LogContentBrowser: Native class hierarchy updated for 'HierarchicalLODOutliner' in 0.0003 seconds. Added 0 classes and 0 folders.
[2018.08.31-11.42.22:238][  0]LogLoad: (Engine Initialization) Total time: 11.16 seconds
[2018.08.31-11.42.22:238][  0]LogLoad: (Engine Initialization) Total Blueprint compile time: 0.00 seconds
[2018.08.31-11.42.22:278][  0]LogRenderer: Reallocating scene render targets to support 64x64 Format 10 NumSamples 1 (Frame:1).
[2018.08.31-11.42.22:278][  0]LogContentStreaming: Texture pool size now 1000 MB
[2018.08.31-11.42.22:281][  0]LogSlate: Took 0.000268 seconds to synchronously load lazily loaded font '../../../Engine/Content/Slate/Fonts/Roboto-Bold.ttf' (160K)
[2018.08.31-11.42.22:287][  0]LogSlate: Took 0.000199 seconds to synchronously load lazily loaded font '../../../Engine/Content/Editor/Slate/Fonts/FontAwesome.ttf' (139K)
[2018.08.31-11.42.22:423][  0]LogRenderer: Reallocating scene render targets to support 804x596 Format 10 NumSamples 1 (Frame:1).
[2018.08.31-11.42.22:528][  2]LogAssetRegistry: Asset discovery search completed in 7.3582 seconds
[2018.08.31-11.42.22:530][  2]LogCollectionManager: Rebuilt the object cache for 0 collections in 0.000001 seconds (found 0 objects)
[2018.08.31-11.42.22:530][  2]LogCollectionManager: Fixed up redirectors for 0 collections in 0.000094 seconds (updated 0 objects)
[2018.08.31-11.42.24:218][  7]LogWindowsTextInputMethodSystem: Display: IME system now deactivated.
[2018.08.31-11.42.24:218][  7]LogWindowsTextInputMethodSystem: Display: IME system now deactivated.
[2018.08.31-11.42.24:220][  7]LogSlate: FSceneViewport::OnFocusLost() reason 0
[2018.08.31-11.42.25:368][134]LogRenderer: Reallocating scene render targets to support 1616x1284 Format 10 NumSamples 1 (Frame:100).
[2018.08.31-11.43.23:595][944]LogSlate: Took 0.000271 seconds to synchronously load lazily loaded font '../../../Engine/Content/Slate/Fonts/Roboto-Light.ttf' (167K)
[2018.08.31-11.43.23:610][944]LogAssetEditorManager: Opening Asset editor for WidgetBlueprint /Game/Cartoony_UI_Anims/UI/UI_LevelSelect.UI_LevelSelect
[2018.08.31-11.43.24:238][944]LogContentBrowser: Native class hierarchy updated for 'BlueprintGraph' in 0.0015 seconds. Added 116 classes and 0 folders.
[2018.08.31-11.43.25:445][944]LogSlate: Took 0.022844 seconds to synchronously load lazily loaded font '../../../Engine/Content/Slate/Fonts/Roboto-BoldCondensed.ttf' (158K)
[2018.08.31-11.43.27:860][184]LogSlate: Took 0.015638 seconds to synchronously load lazily loaded font '../../../Engine/Content/Slate/Fonts/Roboto-Italic.ttf' (157K)
[2018.08.31-11.43.41:253][668]LogAssetEditorManager: Opening Asset editor for World /Game/Map/Main/Main_Map.Main_Map
[2018.08.31-11.43.41:288][668]Cmd: MAP LOAD FILE="../../../../../../coded projects/HoopBall/Content/Map/Main/Main_Map.umap" TEMPLATE=0 SHOWPROGRESS=1 FEATURELEVEL=3
[2018.08.31-11.43.41:288][668]LightingResults: New page: Lighting Build
[2018.08.31-11.43.41:288][668]LoadErrors: New page: Loading map: Main_Map.umap
[2018.08.31-11.43.41:289][668]MapCheck: New page: Map Check
[2018.08.31-11.43.41:289][668]LightingResults: New page: Lighting Build
[2018.08.31-11.43.41:334][668]LogAIModule: Creating AISystem for world Main_Map
[2018.08.31-11.43.41:424][668]LogEditorServer: Finished looking for orphan Actors (0.000 secs)
[2018.08.31-11.43.41:478][668]Cmd: MAP CHECKDEP NOCLEARLOG
[2018.08.31-11.43.41:544][668]MapCheck: Map check complete: 0 Error(s), 0 Warning(s), took 65.522ms to complete.
[2018.08.31-11.43.41:545][668]LogFileHelpers: Loading map 'Main_Map' took 0.259
[2018.08.31-11.43.48:117][364]LogAssetEditorManager: Opening Asset editor for LevelScriptBlueprint /Game/Map/Main/Main_Map.Main_Map:PersistentLevel.Main_Map
[2018.08.31-11.49.51:632][598]LogAssetEditorManager: Opening Asset editor for WidgetBlueprint /Game/Cartoony_UI_Anims/UI/UI_Shop.UI_Shop
[2018.08.31-11.49.53:836][807]LogAssetEditorManager: Opening Asset editor for WidgetBlueprint /Game/Cartoony_UI_Anims/UI/UI_MainMenu.UI_MainMenu
[2018.08.31-11.53.37:665][285]LogSlate: Took 0.040884 seconds to synchronously load lazily loaded font '../../../Engine/Content/Slate/Fonts/DroidSansFallback.ttf' (3848K)
[2018.08.31-11.55.49:329][205]LogFileHelpers: Editor autosave (incl. sublevels) for '/Game/Map/Main/Main_Map' took 0.035
[2018.08.31-11.55.49:330][205]OBJ SavePackage: Generating thumbnails for [0] asset(s) in package [/Game/Cartoony_UI_Anims/UI/UI_LevelSelect] ([1] browsable assets)...
[2018.08.31-11.55.49:331][205]OBJ SavePackage: Finished generating thumbnails for package [/Game/Cartoony_UI_Anims/UI/UI_LevelSelect]
[2018.08.31-11.55.49:433][205]LogSavePackage: Moving '../../../../../../coded projects/HoopBall/Saved/UI_LevelSelect_Auto1D52306594F9558D6FF50E3B3051560D7.tmp' to '../../../../../../coded projects/HoopBall/Saved/Autosaves/Game/Cartoony_UI_Anims/UI/UI_LevelSelect_Auto1.uasset'
[2018.08.31-11.55.49:434][205]LogFileHelpers: Auto-saving content packages took 0.104
[2018.08.31-12.05.36:655][432]LogSlate: Window 'Color Picker' being destroyed
[2018.08.31-12.06.18:871][148]LogFileHelpers: Editor autosave (incl. sublevels) for '/Game/Map/Main/Main_Map' took 0.043
[2018.08.31-12.06.18:873][148]OBJ SavePackage: Generating thumbnails for [0] asset(s) in package [/Game/Cartoony_UI_Anims/UI/UI_Shop] ([1] browsable assets)...
[2018.08.31-12.06.18:873][148]OBJ SavePackage: Finished generating thumbnails for package [/Game/Cartoony_UI_Anims/UI/UI_Shop]
[2018.08.31-12.06.19:021][148]LogSavePackage: Moving '../../../../../../coded projects/HoopBall/Saved/UI_Shop_Auto271302C0441EDAA6FEC3A0395AB561DCA.tmp' to '../../../../../../coded projects/HoopBall/Saved/Autosaves/Game/Cartoony_UI_Anims/UI/UI_Shop_Auto2.uasset'
[2018.08.31-12.06.19:022][148]LogFileHelpers: Auto-saving content packages took 0.150
[2018.08.31-12.13.09:217][139]LogSlate: Window 'Color Picker' being destroyed
[2018.08.31-12.16.19:440][222]LogFileHelpers: Editor autosave (incl. sublevels) for '/Game/Map/Main/Main_Map' took 0.044
[2018.08.31-12.16.19:442][222]OBJ SavePackage: Generating thumbnails for [0] asset(s) in package [/Game/Cartoony_UI_Anims/UI/UI_Shop] ([1] browsable assets)...
[2018.08.31-12.16.19:442][222]OBJ SavePackage: Finished generating thumbnails for package [/Game/Cartoony_UI_Anims/UI/UI_Shop]
[2018.08.31-12.16.19:601][222]LogSavePackage: Moving '../../../../../../coded projects/HoopBall/Saved/UI_Shop_Auto3F2962854441920CF031ED399AB609FB6.tmp' to '../../../../../../coded projects/HoopBall/Saved/Autosaves/Game/Cartoony_UI_Anims/UI/UI_Shop_Auto3.uasset'
[2018.08.31-12.16.19:602][222]LogFileHelpers: Auto-saving content packages took 0.161
[2018.08.31-12.22.58:454][524]LogSlate: Window 'Color Picker' being destroyed
[2018.08.31-12.23.03:928][980]LogSlate: Window 'Color Picker' being destroyed
[2018.08.31-12.23.08:411][348]LogSlate: Window 'Color Picker' being destroyed
[2018.08.31-12.23.59:030][295]BlueprintLog: New page: Compile UI_Shop
[2018.08.31-12.23.59:101][295]LogBlueprint: Warning: [Compiler UI_Shop] Could not find a variable named "TextBlock_231" in 'UI_Shop_C'.
Make sure 'UI_Shop_C' has been compiled for  Get TextBlock_231
[2018.08.31-12.23.59:101][295]LogBlueprint: Warning: [Compiler UI_Shop] Could not find a variable named "TextBlock_229" in 'UI_Shop_C'.
Make sure 'UI_Shop_C' has been compiled for  Get TextBlock_229
[2018.08.31-12.23.59:101][295]LogBlueprint: Warning: [Compiler UI_Shop] Could not find a variable named "TextBlock_227" in 'UI_Shop_C'.
Make sure 'UI_Shop_C' has been compiled for  Get TextBlock_227
[2018.08.31-12.23.59:101][295]LogBlueprint: Warning: [Compiler UI_Shop] Could not find a variable named "TextBlock_225" in 'UI_Shop_C'.
Make sure 'UI_Shop_C' has been compiled for  Get TextBlock_225
[2018.08.31-12.23.59:104][295]LogBlueprint: Error: [Compiler UI_Shop] The property associated with  Text Block 231  could not be found in '/Game/Cartoony_UI_Anims/UI/UI_Shop.UI_Shop_C'
[2018.08.31-12.23.59:105][295]LogBlueprint: Error: [Compiler UI_Shop] The property associated with  Text Block 225  could not be found in '/Game/Cartoony_UI_Anims/UI/UI_Shop.UI_Shop_C'
[2018.08.31-12.23.59:105][295]LogBlueprint: Error: [Compiler UI_Shop] The property associated with  Text Block 227  could not be found in '/Game/Cartoony_UI_Anims/UI/UI_Shop.UI_Shop_C'
[2018.08.31-12.23.59:105][295]LogBlueprint: Error: [Compiler UI_Shop] The property associated with  Text Block 229  could not be found in '/Game/Cartoony_UI_Anims/UI/UI_Shop.UI_Shop_C'
[2018.08.31-12.23.59:217][295]LogBlueprint: Warning: [Compiler UI_Shop] [2508.11] Compile of UI_Shop failed. 4 Fatal Issue(s) 4 Warning(s) [in 187 ms] (/Game/Cartoony_UI_Anims/UI/UI_Shop.UI_Shop)
[2018.08.31-12.24.37:284][698]BlueprintLog: New page: Compile UI_Shop
[2018.08.31-12.25.20:198][405]Cmd: OBJ SAVEPACKAGE PACKAGE="/Game/Cartoony_UI_Anims/UI/UI_LevelSelect" FILE="../../../../../../coded projects/HoopBall/Content/Cartoony_UI_Anims/UI/UI_LevelSelect.uasset" SILENT=true
[2018.08.31-12.25.20:383][405]LogSavePackage: Moving '../../../../../../coded projects/HoopBall/Saved/UI_LevelSelect7A353EDA4885511381DA3C95D1C6EBB9.tmp' to '../../../../../../coded projects/HoopBall/Content/Cartoony_UI_Anims/UI/UI_LevelSelect.uasset'
[2018.08.31-12.25.20:387][405]Cmd: OBJ SAVEPACKAGE PACKAGE="/Game/Cartoony_UI_Anims/UI/UI_Shop" FILE="../../../../../../coded projects/HoopBall/Content/Cartoony_UI_Anims/UI/UI_Shop.uasset" SILENT=true
[2018.08.31-12.25.20:530][405]LogSavePackage: Moving '../../../../../../coded projects/HoopBall/Saved/UI_Shop50B8AC7F42B5A4DCAA8453B1FFDBC37C.tmp' to '../../../../../../coded projects/HoopBall/Content/Cartoony_UI_Anims/UI/UI_Shop.uasset'
[2018.08.31-12.25.22:202][556]SourceControl: fatal: L:/Program Files/Epic Games/UE_4.20/Engine/Content: 'L:/Program Files/Epic Games/UE_4.20/Engine/Content' is outside repository
[2018.08.31-12.25.34:205][556]LogSlate: Window 'Submit Files' being destroyed
[2018.08.31-12.25.35:934][556]LogSourceControl: commit successful: [master c75424b] UI Shop creation
[2018.08.31-12.25.35:966][556]SourceControl: [master c75424b] UI Shop creation
[2018.08.31-12.25.35:966][556]SourceControl:  2 files changed, 0 insertions(+), 0 deletions(-)
[2018.08.31-12.25.35:966][556]SourceControl:  rewrite Content/Cartoony_UI_Anims/UI/UI_LevelSelect.uasset (84%)
[2018.08.31-12.25.35:966][556]SourceControl:  rewrite Content/Cartoony_UI_Anims/UI/UI_Shop.uasset (89%)
[2018.08.31-12.25.35:980][556]SourceControl: Commited [master c75424b] UI Shop creation.
[2018.08.31-12.25.38:679][728]LogSlate: Window 'Content Browser' being destroyed
[2018.08.31-12.25.38:713][728]LogSlate: Window 'HoopBall - Unreal Editor' being destroyed
[2018.08.31-12.25.39:244][729]Cmd: QUIT_EDITOR
[2018.08.31-12.25.39:786][729]LogExit: Preparing to exit.
[2018.08.31-12.25.41:503][729]LogExit: Editor shut down
[2018.08.31-12.25.41:504][729]LogExit: Transaction tracking system shut down
[2018.08.31-12.25.44:125][729]LogExit: Object subsystem successfully closed.
[2018.08.31-12.25.44:313][729]LogShaderCompilers: Display: Shaders left to compile 0
[2018.08.31-12.25.44:340][729]LogD3D11RHI: Shutdown
[2018.08.31-12.25.44:340][729]LogD3D11RHI: CleanupD3DDevice
[2018.08.31-12.25.44:431][729]LogD3D11RHI: ~FD3D11DynamicRHI
[2018.08.31-12.25.46:511][729]LogModuleManager: Shutting down and abandoning module SequencerWidgets (618)
[2018.08.31-12.25.46:511][729]LogModuleManager: Shutting down and abandoning module BlueprintGraph (616)
[2018.08.31-12.25.46:511][729]LogModuleManager: Shutting down and abandoning module HierarchicalLODOutliner (614)
[2018.08.31-12.25.46:511][729]LogModuleManager: Shutting down and abandoning module AddContentDialog (612)
[2018.08.31-12.25.46:542][729]LogModuleManager: Shutting down and abandoning module WidgetCarousel (611)
[2018.08.31-12.25.46:542][729]LogModuleManager: Shutting down and abandoning module EditorWidgets (608)
[2018.08.31-12.25.46:542][729]LogModuleManager: Shutting down and abandoning module CollectionManager (606)
[2018.08.31-12.25.46:572][729]LogModuleManager: Shutting down and abandoning module ExternalImagePicker (604)
[2018.08.31-12.25.46:572][729]LogModuleManager: Shutting down and abandoning module SceneOutliner (602)
[2018.08.31-12.25.46:572][729]LogModuleManager: Shutting down and abandoning module StatsViewer (600)
[2018.08.31-12.25.46:592][729]LogModuleManager: Shutting down and abandoning module FoliageEdit (598)
[2018.08.31-12.25.46:610][729]LogModuleManager: Shutting down and abandoning module LandscapeEditor (596)
[2018.08.31-12.25.46:644][729]LogModuleManager: Shutting down and abandoning module MeshPaintMode (594)
[2018.08.31-12.25.46:658][729]LogModuleManager: Shutting down and abandoning module SceneDepthPickerMode (592)
[2018.08.31-12.25.46:658][729]LogModuleManager: Shutting down and abandoning module ActorPickerMode (590)
[2018.08.31-12.25.46:658][729]LogModuleManager: Shutting down and abandoning module GeometryMode (588)
[2018.08.31-12.25.46:658][729]LogModuleManager: Shutting down and abandoning module TextureAlignMode (586)
[2018.08.31-12.25.46:658][729]LogModuleManager: Shutting down and abandoning module BspMode (584)
[2018.08.31-12.25.46:658][729]LogModuleManager: Shutting down and abandoning module PIEPreviewDeviceProfileSelector (582)
[2018.08.31-12.25.46:677][729]LogModuleManager: Shutting down and abandoning module SequenceRecorderSections (580)
[2018.08.31-12.25.46:694][729]LogModuleManager: Shutting down and abandoning module AutomationWorker (578)
[2018.08.31-12.25.46:695][729]LogModuleManager: Shutting down and abandoning module AudioCaptureEditor (576)
[2018.08.31-12.25.46:695][729]LogModuleManager: Shutting down and abandoning module SequenceRecorder (575)
[2018.08.31-12.25.46:716][729]LogModuleManager: Shutting down and abandoning module MatineeToLevelSequence (572)
[2018.08.31-12.25.46:728][729]LogModuleManager: Shutting down and abandoning module LevelSequenceEditor (570)
[2018.08.31-12.25.46:751][729]LogModuleManager: Shutting down and abandoning module PlacementMode (569)
[2018.08.31-12.25.46:751][729]LogModuleManager: Shutting down and abandoning module MaterialEditor (568)
[2018.08.31-12.25.46:794][729]LogModuleManager: Shutting down and abandoning module WmfMediaFactory (564)
[2018.08.31-12.25.46:794][729]LogModuleManager: Shutting down and abandoning module WmfMediaEditor (562)
[2018.08.31-12.25.46:794][729]LogModuleManager: Shutting down and abandoning module MediaPlayerEditor (560)
[2018.08.31-12.25.46:819][729]LogModuleManager: Shutting down and abandoning module OpenExrWrapper (558)
[2018.08.31-12.25.46:819][729]LogModuleManager: Shutting down and abandoning module ImgMediaFactory (556)
[2018.08.31-12.25.46:819][729]LogModuleManager: Shutting down and abandoning module ImgMediaEditor (554)
[2018.08.31-12.25.46:819][729]LogModuleManager: Shutting down and abandoning module AvfMediaFactory (552)
[2018.08.31-12.25.46:819][729]LogModuleManager: Shutting down and abandoning module AvfMediaEditor (550)
[2018.08.31-12.25.46:819][729]LogModuleManager: Shutting down and abandoning module AndroidMediaFactory (548)
[2018.08.31-12.25.46:819][729]LogModuleManager: Shutting down and abandoning module AndroidMediaEditor (546)
[2018.08.31-12.25.46:819][729]LogModuleManager: Shutting down and abandoning module MagicLeapCameraPreviewFactory (544)
[2018.08.31-12.25.46:819][729]LogModuleManager: Shutting down and abandoning module MagicLeapMediaFactory (542)
[2018.08.31-12.25.46:819][729]LogModuleManager: Shutting down and abandoning module MagicLeapMediaEditor (540)
[2018.08.31-12.25.46:819][729]LogModuleManager: Shutting down and abandoning module CharacterAI (538)
[2018.08.31-12.25.46:819][729]LogModuleManager: Shutting down and abandoning module SmartSnapping (536)
[2018.08.31-12.25.46:819][729]LogModuleManager: Shutting down and abandoning module SessionServices (534)
[2018.08.31-12.25.46:819][729]LogModuleManager: Shutting down and abandoning module ViewportSnapping (532)
[2018.08.31-12.25.46:819][729]LogModuleManager: Shutting down and abandoning module ViewportInteraction (530)
[2018.08.31-12.25.46:819][729]LogModuleManager: Shutting down and abandoning module ClothPainter (528)
[2018.08.31-12.25.46:850][729]LogModuleManager: Shutting down and abandoning module SkeletalMeshEditor (527)
[2018.08.31-12.25.46:873][729]LogModuleManager: Shutting down and abandoning module LogVisualizer (524)
[2018.08.31-12.25.46:899][729]LogModuleManager: Shutting down and abandoning module IntroTutorials (522)
[2018.08.31-12.25.46:918][729]LogModuleManager: Shutting down and abandoning module GameProjectGeneration (521)
[2018.08.31-12.25.46:945][729]LogModuleManager: Shutting down and abandoning module LuminPlatformEditor (518)
[2018.08.31-12.25.46:945][729]LogModuleManager: Shutting down and abandoning module IOSPlatformEditor (516)
[2018.08.31-12.25.46:945][729]LogModuleManager: Shutting down and abandoning module HTML5PlatformEditor (514)
[2018.08.31-12.25.46:945][729]LogModuleManager: Shutting down and abandoning module AndroidPlatformEditor (512)
[2018.08.31-12.25.46:945][729]LogModuleManager: Shutting down and abandoning module AndroidDeviceDetection (511)
[2018.08.31-12.25.47:634][729]LogModuleManager: Shutting down and abandoning module WindowsPlatformEditor (508)
[2018.08.31-12.25.47:634][729]LogModuleManager: Shutting down and abandoning module LuminRuntimeSettings (506)
[2018.08.31-12.25.47:634][729]LogModuleManager: Shutting down and abandoning module IOSRuntimeSettings (504)
[2018.08.31-12.25.47:634][729]LogModuleManager: Shutting down and abandoning module AndroidRuntimeSettings (502)
[2018.08.31-12.25.47:634][729]LogModuleManager: Shutting down and abandoning module InputBindingEditor (500)
[2018.08.31-12.25.47:660][729]LogModuleManager: Shutting down and abandoning module MergeActors (498)
[2018.08.31-12.25.47:690][729]LogModuleManager: Shutting down and abandoning module LocalizationDashboard (496)
[2018.08.31-12.25.47:710][729]LogModuleManager: Shutting down and abandoning module LocalizationService (495)
[2018.08.31-12.25.47:731][729]LogModuleManager: Shutting down and abandoning module HardwareTargeting (492)
[2018.08.31-12.25.47:731][729]LogModuleManager: Shutting down and abandoning module DeviceProfileEditor (490)
[2018.08.31-12.25.47:731][729]LogModuleManager: Shutting down and abandoning module UndoHistory (488)
[2018.08.31-12.25.47:752][729]LogModuleManager: Shutting down and abandoning module XmlParser (486)
[2018.08.31-12.25.47:752][729]LogModuleManager: Shutting down and abandoning module Blutility (484)
[2018.08.31-12.25.47:769][729]LogModuleManager: Shutting down and abandoning module ProjectSettingsViewer (482)
[2018.08.31-12.25.47:770][729]LogModuleManager: Shutting down and abandoning module ProjectTargetPlatformEditor (481)
[2018.08.31-12.25.47:770][729]LogModuleManager: Shutting down and abandoning module EditorSettingsViewer (478)
[2018.08.31-12.25.47:770][729]LogModuleManager: Shutting down and abandoning module SettingsEditor (476)
[2018.08.31-12.25.47:818][729]LogModuleManager: Shutting down and abandoning module ProjectLauncher (474)
[2018.08.31-12.25.47:842][729]LogModuleManager: Shutting down and abandoning module SessionFrontend (472)
[2018.08.31-12.25.47:853][729]LogModuleManager: Shutting down and abandoning module ProfilerClient (470)
[2018.08.31-12.25.47:872][729]LogModuleManager: Shutting down and abandoning module DeviceManager (468)
[2018.08.31-12.25.47:898][729]LogModuleManager: Shutting down and abandoning module TargetDeviceServices (467)
[2018.08.31-12.25.47:938][729]LogModuleManager: Shutting down and abandoning module AutomationController (464)
[2018.08.31-12.25.47:961][729]LogModuleManager: Shutting down and abandoning module AutomationWindow (462)
[2018.08.31-12.25.47:969][729]LogModuleManager: Shutting down and abandoning module Layers (460)
[2018.08.31-12.25.48:000][729]LogModuleManager: Shutting down and abandoning module ComponentVisualizers (458)
[2018.08.31-12.25.48:000][729]LogModuleManager: Shutting down and abandoning module DetailCustomizations (456)
[2018.08.31-12.25.48:018][729]LogModuleManager: Shutting down and abandoning module PackagesDialog (454)
[2018.08.31-12.25.48:019][729]LogModuleManager: Shutting down and abandoning module Persona (452)
[2018.08.31-12.25.48:038][729]LogModuleManager: Shutting down and abandoning module AdvancedPreviewScene (451)
[2018.08.31-12.25.48:038][729]LogModuleManager: Shutting down and abandoning module AnimGraph (449)
[2018.08.31-12.25.48:057][729]LogModuleManager: Shutting down and abandoning module Kismet (446)
[2018.08.31-12.25.48:062][729]LogModuleManager: Shutting down and abandoning module GraphEditor (444)
[2018.08.31-12.25.48:062][729]LogModuleManager: Shutting down and abandoning module ClassViewer (442)
[2018.08.31-12.25.48:062][729]LogModuleManager: Shutting down and abandoning module Toolbox (440)
[2018.08.31-12.25.48:062][729]LogModuleManager: Shutting down and abandoning module ModuleUI (438)
[2018.08.31-12.25.48:075][729]LogModuleManager: Shutting down and abandoning module MovieSceneTools (436)
[2018.08.31-12.25.48:104][729]LogModuleManager: Shutting down and abandoning module OutputLog (434)
[2018.08.31-12.25.48:104][729]LogModuleManager: Shutting down and abandoning module GammaUI (432)
[2018.08.31-12.25.48:120][729]LogModuleManager: Shutting down and abandoning module Documentation (430)
[2018.08.31-12.25.48:120][729]LogModuleManager: Shutting down and abandoning module MovieSceneTracks (428)
[2018.08.31-12.25.48:120][729]LogModuleManager: Shutting down and abandoning module MovieScene (426)
[2018.08.31-12.25.48:120][729]LogModuleManager: Shutting down and abandoning module StreamingPauseRendering (424)
[2018.08.31-12.25.48:127][729]LogModuleManager: Shutting down and abandoning module LauncherPlatform (422)
[2018.08.31-12.25.48:127][729]LogModuleManager: Shutting down and abandoning module AnalyticsET (420)
[2018.08.31-12.25.48:127][729]LogModuleManager: Shutting down and abandoning module PortalServices (418)
[2018.08.31-12.25.48:127][729]LogModuleManager: Shutting down and abandoning module PortalRpc (416)
[2018.08.31-12.25.48:127][729]LogModuleManager: Shutting down and abandoning module MessagingRpc (414)
[2018.08.31-12.25.48:127][729]LogModuleManager: Shutting down and abandoning module AIModule (412)
[2018.08.31-12.25.48:141][729]LogModuleManager: Shutting down and abandoning module GameplayDebugger (411)
[2018.08.31-12.25.48:172][729]LogModuleManager: Shutting down and abandoning module AITestSuite (409)
[2018.08.31-12.25.48:186][729]LogModuleManager: Shutting down and abandoning module NavigationSystem (407)
[2018.08.31-12.25.48:186][729]LogModuleManager: Shutting down and abandoning module DesktopPlatform (404)
[2018.08.31-12.25.48:186][729]LogModuleManager: Shutting down and abandoning module ProfilerService (402)
[2018.08.31-12.25.48:273][729]LogModuleManager: Shutting down and abandoning module TaskGraph (400)
[2018.08.31-12.25.48:299][729]LogModuleManager: Shutting down and abandoning module SteamVRController (398)
[2018.08.31-12.25.48:299][729]LogModuleManager: Shutting down and abandoning module ProceduralMeshComponentEditor (396)
[2018.08.31-12.25.48:299][729]LogModuleManager: Shutting down and abandoning module ProceduralMeshComponent (394)
[2018.08.31-12.25.48:320][729]LogModuleManager: Shutting down and abandoning module OculusInput (392)
[2018.08.31-12.25.48:320][729]LogModuleManager: Shutting down and abandoning module MobilePatchingUtils (390)
[2018.08.31-12.25.48:320][729]LogModuleManager: Shutting down and abandoning module EditableMesh (388)
[2018.08.31-12.25.48:337][729]LogModuleManager: Shutting down and abandoning module CustomMeshComponent (386)
[2018.08.31-12.25.48:337][729]LogModuleManager: Shutting down and abandoning module CableComponent (384)
[2018.08.31-12.25.48:337][729]LogModuleManager: Shutting down and abandoning module AudioCapture (382)
[2018.08.31-12.25.48:337][729]LogModuleManager: Shutting down and abandoning module ArchVisCharacter (380)
[2018.08.31-12.25.48:337][729]LogModuleManager: Shutting down and abandoning module AndroidPermission (378)
[2018.08.31-12.25.48:338][729]LogModuleManager: Shutting down and abandoning module NUTUnrealEngine4 (376)
[2018.08.31-12.25.48:338][729]LogModuleManager: Shutting down and abandoning module NetcodeUnitTest (374)
[2018.08.31-12.25.48:364][729]LogModuleManager: Shutting down and abandoning module MediaCompositingEditor (372)
[2018.08.31-12.25.48:364][729]LogModuleManager: Shutting down and abandoning module MediaCompositing (370)
[2018.08.31-12.25.48:364][729]LogModuleManager: Shutting down and abandoning module LinearTimecode (368)
[2018.08.31-12.25.48:364][729]LogModuleManager: Shutting down and abandoning module ImgMedia (366)
[2018.08.31-12.25.48:382][729]LogModuleManager: Shutting down and abandoning module gameDNAinstaller (364)
[2018.08.31-12.25.48:382][729]LogGameDNAinstaller: Display: gameDNA installer module shutdown
[2018.08.31-12.25.48:417][729]LogModuleManager: Shutting down and abandoning module HTML5Networking (362)
[2018.08.31-12.25.48:417][729]LogModuleManager: Shutting down and abandoning module GeometryCacheTracks (360)
[2018.08.31-12.25.48:417][729]LogModuleManager: Shutting down and abandoning module GeometryCacheSequencer (358)
[2018.08.31-12.25.48:417][729]LogModuleManager: Shutting down and abandoning module BackChannel (356)
[2018.08.31-12.25.48:445][729]LogModuleManager: Shutting down and abandoning module AppleVision (354)
[2018.08.31-12.25.48:445][729]LogModuleManager: Shutting down and abandoning module AppleImageUtils (352)
[2018.08.31-12.25.48:445][729]LogModuleManager: Shutting down and abandoning module AlembicImporter (350)
[2018.08.31-12.25.48:445][729]LogModuleManager: Shutting down and abandoning module AlembicLibrary (349)
[2018.08.31-12.25.48:445][729]LogModuleManager: Shutting down and abandoning module GeometryCache (348)
[2018.08.31-12.25.48:445][729]LogModuleManager: Shutting down and abandoning module GeometryCacheEd (347)
[2018.08.31-12.25.48:445][729]LogModuleManager: Shutting down and abandoning module DatasmithContentEditor (342)
[2018.08.31-12.25.48:467][729]LogModuleManager: Shutting down and abandoning module DatasmithContent (340)
[2018.08.31-12.25.48:467][729]LogModuleManager: Shutting down and abandoning module SpeedTreeImporter (338)
[2018.08.31-12.25.48:467][729]LogModuleManager: Shutting down and abandoning module PluginBrowser (336)
[2018.08.31-12.25.48:494][729]LogModuleManager: Shutting down and abandoning module MobileLauncherProfileWizard (334)
[2018.08.31-12.25.48:514][729]LogModuleManager: Shutting down and abandoning module PolygonModeling (332)
[2018.08.31-12.25.48:514][729]LogModuleManager: Shutting down and abandoning module MeshEditor (330)
[2018.08.31-12.25.48:535][729]LogModuleManager: Shutting down and abandoning module CryptoKeysOpenSSL (328)
[2018.08.31-12.25.48:545][729]LogModuleManager: Shutting down and abandoning module CryptoKeys (326)
[2018.08.31-12.25.48:545][729]LogModuleManager: Shutting down and abandoning module VisualStudioSourceCodeAccess (324)
[2018.08.31-12.25.48:545][729]LogModuleManager: Shutting down and abandoning module VisualStudioCodeSourceCodeAccess (322)
[2018.08.31-12.25.48:545][729]LogModuleManager: Shutting down and abandoning module UObjectPlugin (320)
[2018.08.31-12.25.48:546][729]LogModuleManager: Shutting down and abandoning module SubversionSourceControl (318)
[2018.08.31-12.25.48:557][729]LogModuleManager: Shutting down and abandoning module PerforceSourceControl (316)
[2018.08.31-12.25.48:588][729]LogModuleManager: Shutting down and abandoning module GitSourceControl (314)
[2018.08.31-12.25.48:588][729]LogModuleManager: Shutting down and abandoning module SourceControl (313)
[2018.08.31-12.25.48:588][729]LogModuleManager: Shutting down and abandoning module CLionSourceCodeAccess (310)
[2018.08.31-12.25.48:588][729]LogModuleManager: Shutting down and abandoning module LightPropagationVolumeEditor (308)
[2018.08.31-12.25.48:588][729]LogModuleManager: Shutting down and abandoning module PaperTiledImporter (306)
[2018.08.31-12.25.48:588][729]LogModuleManager: Shutting down and abandoning module PaperSpriteSheetImporter (304)
[2018.08.31-12.25.48:588][729]LogModuleManager: Shutting down and abandoning module Paper2DEditor (302)
[2018.08.31-12.25.48:604][729]LogModuleManager: Shutting down and abandoning module MeshPaint (301)
[2018.08.31-12.25.48:622][729]LogModuleManager: Shutting down and abandoning module RuntimePhysXCooking (298)
[2018.08.31-12.25.48:622][729]LogModuleManager: Shutting down and abandoning module PhysXVehiclesEditor (296)
[2018.08.31-12.25.48:622][729]LogModuleManager: Shutting down and abandoning module PhysXVehicles (294)
[2018.08.31-12.25.48:622][729]LogModuleManager: Shutting down and abandoning module OculusEditor (292)
[2018.08.31-12.25.48:638][729]LogModuleManager: Shutting down and abandoning module LocationServicesBPLibrary (290)
[2018.08.31-12.25.48:639][729]LogModuleManager: Shutting down and abandoning module ImmediatePhysicsEditor (288)
[2018.08.31-12.25.48:639][729]LogModuleManager: Shutting down and abandoning module ImmediatePhysics (286)
[2018.08.31-12.25.48:665][729]LogModuleManager: Shutting down and abandoning module ActorSequence (284)
[2018.08.31-12.25.48:665][729]LogModuleManager: Shutting down and abandoning module UdpMessaging (282)
[2018.08.31-12.25.48:765][729]LogModuleManager: Shutting down and abandoning module TcpMessaging (280)
[2018.08.31-12.25.48:865][729]LogModuleManager: Shutting down and abandoning module MagicLeapAudio (278)
[2018.08.31-12.25.48:865][729]LogModuleManager: Shutting down and abandoning module GameplayTagsEditor (276)
[2018.08.31-12.25.48:885][729]LogModuleManager: Shutting down and abandoning module FacialAnimationEditor (274)
[2018.08.31-12.25.48:885][729]LogModuleManager: Shutting down and abandoning module FacialAnimation (272)
[2018.08.31-12.25.48:885][729]LogModuleManager: Shutting down and abandoning module DataValidation (270)
[2018.08.31-12.25.48:885][729]LogModuleManager: Shutting down and abandoning module AssetManagerEditor (268)
[2018.08.31-12.25.48:898][729]LogModuleManager: Shutting down and abandoning module LevelEditor (267)
[2018.08.31-12.25.48:938][729]LogModuleManager: Shutting down and abandoning module PixelInspectorModule (266)
[2018.08.31-12.25.48:955][729]LogModuleManager: Shutting down and abandoning module CommonMenuExtensions (264)
[2018.08.31-12.25.48:955][729]LogModuleManager: Shutting down and abandoning module MainFrame (262)
[2018.08.31-12.25.48:980][729]LogModuleManager: Shutting down and abandoning module HotReload (261)
[2018.08.31-12.25.49:029][729]LogModuleManager: Shutting down and abandoning module ContentBrowser (257)
[2018.08.31-12.25.49:031][729]LogModuleManager: Shutting down and abandoning module TreeMap (255)
[2018.08.31-12.25.49:053][729]LogModuleManager: Shutting down and abandoning module LightPropagationVolumeRuntime (252)
[2018.08.31-12.25.49:053][729]LogModuleManager: Shutting down and abandoning module AISupportModule (250)
[2018.08.31-12.25.49:053][729]LogModuleManager: Shutting down and abandoning module Paper2D (248)
[2018.08.31-12.25.49:069][729]LogModuleManager: Shutting down and abandoning module WindowsMoviePlayer (246)
[2018.08.31-12.25.49:094][729]LogModuleManager: Shutting down and abandoning module WmfMedia (244)
[2018.08.31-12.25.49:112][729]LogModuleManager: Shutting down and abandoning module Media (243)
[2018.08.31-12.25.49:118][729]LogModuleManager: Shutting down and abandoning module PacketHandler (240)
[2018.08.31-12.25.49:118][729]LogModuleManager: Shutting down and abandoning module ClothingSystemEditor (238)
[2018.08.31-12.25.49:118][729]LogModuleManager: Shutting down and abandoning module ClothingSystemRuntime (236)
[2018.08.31-12.25.49:143][729]LogModuleManager: Shutting down and abandoning module MediaAssets (234)
[2018.08.31-12.25.49:143][729]LogModuleManager: Shutting down and abandoning module Overlay (232)
[2018.08.31-12.25.49:143][729]LogModuleManager: Shutting down and abandoning module OverlayEditor (231)
[2018.08.31-12.25.49:144][729]LogModuleManager: Shutting down and abandoning module VREditor (228)
[2018.08.31-12.25.49:168][729]LogModuleManager: Shutting down and abandoning module StringTableEditor (226)
[2018.08.31-12.25.49:194][729]LogModuleManager: Shutting down and abandoning module GameplayTasksEditor (224)
[2018.08.31-12.25.49:194][729]LogModuleManager: Shutting down and abandoning module BehaviorTreeEditor (222)
[2018.08.31-12.25.49:233][729]LogModuleManager: Shutting down and abandoning module FunctionalTesting (220)
[2018.08.31-12.25.49:256][729]LogModuleManager: Shutting down and abandoning module CollisionAnalyzer (218)
[2018.08.31-12.25.49:279][729]LogModuleManager: Shutting down and abandoning module WorkspaceMenuStructure (217)
[2018.08.31-12.25.49:279][729]LogModuleManager: Shutting down and abandoning module UMG (214)
[2018.08.31-12.25.49:279][729]LogModuleManager: Shutting down and abandoning module UMGEditor (213)
[2018.08.31-12.25.49:279][729]LogModuleManager: Shutting down and abandoning module Sequencer (212)
[2018.08.31-12.25.49:300][729]LogModuleManager: Shutting down and abandoning module MessageLog (209)
[2018.08.31-12.25.49:300][729]LogModuleManager: Shutting down and abandoning module SlateReflector (204)
[2018.08.31-12.25.49:322][729]LogModuleManager: Shutting down and abandoning module Slate (202)
[2018.08.31-12.25.49:322][729]LogModuleManager: Shutting down and abandoning module EditorStyle (200)
[2018.08.31-12.25.49:326][729]LogModuleManager: Shutting down and abandoning module MRMesh (198)
[2018.08.31-12.25.49:350][729]LogModuleManager: Shutting down and abandoning module SourceCodeAccess (196)
[2018.08.31-12.25.49:350][729]LogModuleManager: Shutting down and abandoning module HeadMountedDisplay (194)
[2018.08.31-12.25.49:350][729]LogModuleManager: Shutting down and abandoning module XAudio2 (192)
[2018.08.31-12.25.49:350][729]LogModuleManager: Shutting down and abandoning module Networking (190)
[2018.08.31-12.25.49:350][729]LogModuleManager: Shutting down and abandoning module Core (188)
[2018.08.31-12.25.49:350][729]LogModuleManager: Shutting down and abandoning module LevelSequence (186)
[2018.08.31-12.25.49:350][729]LogModuleManager: Shutting down and abandoning module KismetCompiler (184)
[2018.08.31-12.25.49:350][729]LogModuleManager: Shutting down and abandoning module MeshUtilities (182)
[2018.08.31-12.25.49:375][729]LogModuleManager: Shutting down and abandoning module MeshMergeUtilities (181)
[2018.08.31-12.25.49:389][729]LogModuleManager: Shutting down and abandoning module MeshReductionInterface (180)
[2018.08.31-12.25.49:389][729]LogModuleManager: Shutting down and abandoning module SimplygonSwarm (179)
[2018.08.31-12.25.49:404][729]LogModuleManager: Shutting down and abandoning module ProxyLODMeshReduction (177)
[2018.08.31-12.25.49:432][729]LogModuleManager: Shutting down and abandoning module SimplygonMeshReduction (175)
[2018.08.31-12.25.49:432][729]LogModuleManager: Shutting down and abandoning module QuadricMeshReduction (173)
[2018.08.31-12.25.49:457][729]LogModuleManager: Shutting down and abandoning module MaterialBaking (169)
[2018.08.31-12.25.49:468][729]LogModuleManager: Shutting down and abandoning module DirectoryWatcher (165)
[2018.08.31-12.25.49:468][729]LogModuleManager: Shutting down and abandoning module DerivedDataCache (162)
[2018.08.31-12.25.49:553][729]LogDerivedDataCache: Shutdown
[2018.08.31-12.25.49:554][729]LogModuleManager: Shutting down and abandoning module XGEController (160)
[2018.08.31-12.25.49:554][729]LogModuleManager: Shutting down and abandoning module TargetPlatform (158)
[2018.08.31-12.25.49:554][729]LogModuleManager: Shutting down and abandoning module VulkanShaderFormat (157)
[2018.08.31-12.25.49:570][729]LogModuleManager: Shutting down and abandoning module ShaderFormatVectorVM (155)
[2018.08.31-12.25.49:587][729]LogModuleManager: Shutting down and abandoning module ShaderFormatOpenGL (153)
[2018.08.31-12.25.49:591][729]LogModuleManager: Shutting down and abandoning module ShaderFormatD3D (151)
[2018.08.31-12.25.49:591][729]LogModuleManager: Shutting down and abandoning module MetalShaderFormat (149)
[2018.08.31-12.25.49:606][729]LogModuleManager: Shutting down and abandoning module TextureFormatUncompressed (147)
[2018.08.31-12.25.49:606][729]LogModuleManager: Shutting down and abandoning module TextureFormatPVR (145)
[2018.08.31-12.25.49:606][729]LogModuleManager: Shutting down and abandoning module TextureFormatDXT (143)
[2018.08.31-12.25.49:631][729]LogModuleManager: Shutting down and abandoning module TextureFormatIntelISPCTexComp (141)
[2018.08.31-12.25.49:631][729]LogModuleManager: Shutting down and abandoning module TextureFormatASTC (139)
[2018.08.31-12.25.49:631][729]LogModuleManager: Shutting down and abandoning module ImageWrapper (138)
[2018.08.31-12.25.49:632][729]LogModuleManager: Shutting down and abandoning module TextureFormatAndroid (135)
[2018.08.31-12.25.49:632][729]LogModuleManager: Shutting down and abandoning module AudioFormatOpus (133)
[2018.08.31-12.25.49:632][729]LogModuleManager: Shutting down and abandoning module AudioFormatOgg (131)
[2018.08.31-12.25.49:632][729]LogModuleManager: Shutting down and abandoning module AudioFormatADPCM (129)
[2018.08.31-12.25.49:632][729]LogModuleManager: Shutting down and abandoning module LuminTargetPlatform (127)
[2018.08.31-12.25.49:632][729]LogModuleManager: Shutting down and abandoning module LinuxTargetPlatform (125)
[2018.08.31-12.25.49:632][729]LogModuleManager: Shutting down and abandoning module LinuxServerTargetPlatform (123)
[2018.08.31-12.25.49:632][729]LogModuleManager: Shutting down and abandoning module LinuxNoEditorTargetPlatform (121)
[2018.08.31-12.25.49:643][729]LogModuleManager: Shutting down and abandoning module LinuxClientTargetPlatform (119)
[2018.08.31-12.25.49:661][729]LogModuleManager: Shutting down and abandoning module TVOSTargetPlatform (117)
[2018.08.31-12.25.49:662][729]LogModuleManager: Shutting down and abandoning module Messaging (115)
[2018.08.31-12.25.49:662][729]LogModuleManager: Shutting down and abandoning module IOSTargetPlatform (113)
[2018.08.31-12.25.49:664][729]LogModuleManager: Shutting down and abandoning module HTML5TargetPlatform (111)
[2018.08.31-12.25.49:664][729]LogModuleManager: Shutting down and abandoning module AndroidTargetPlatform (109)
[2018.08.31-12.25.49:687][729]LogModuleManager: Shutting down and abandoning module WindowsTargetPlatform (107)
[2018.08.31-12.25.49:687][729]LogModuleManager: Shutting down and abandoning module WindowsServerTargetPlatform (105)
[2018.08.31-12.25.49:687][729]LogModuleManager: Shutting down and abandoning module WindowsNoEditorTargetPlatform (103)
[2018.08.31-12.25.49:687][729]LogModuleManager: Shutting down and abandoning module WindowsClientTargetPlatform (101)
[2018.08.31-12.25.49:687][729]LogModuleManager: Shutting down and abandoning module MacTargetPlatform (99)
[2018.08.31-12.25.49:687][729]LogModuleManager: Shutting down and abandoning module MacServerTargetPlatform (97)
[2018.08.31-12.25.49:687][729]LogModuleManager: Shutting down and abandoning module MacNoEditorTargetPlatform (95)
[2018.08.31-12.25.49:687][729]LogModuleManager: Shutting down and abandoning module MacClientTargetPlatform (93)
[2018.08.31-12.25.49:687][729]LogModuleManager: Shutting down and abandoning module AllDesktopTargetPlatform (91)
[2018.08.31-12.25.49:687][729]LogModuleManager: Shutting down and abandoning module InputCore (88)
[2018.08.31-12.25.49:687][729]LogModuleManager: Shutting down and abandoning module Settings (86)
[2018.08.31-12.25.49:687][729]LogModuleManager: Shutting down and abandoning module PhysXCooking (84)
[2018.08.31-12.25.49:687][729]LogModuleManager: Shutting down and abandoning module SteamVR (82)
[2018.08.31-12.25.49:687][729]LogModuleManager: Shutting down and abandoning module OculusHMD (80)
[2018.08.31-12.25.49:705][729]LogModuleManager: Shutting down and abandoning module ExampleDeviceProfileSelector (78)
[2018.08.31-12.25.49:705][729]LogModuleManager: Shutting down and abandoning module LauncherChunkInstaller (76)
[2018.08.31-12.25.49:705][729]LogModuleManager: Shutting down and abandoning module OnlineBlueprintSupport (74)
[2018.08.31-12.25.49:705][729]LogModuleManager: Shutting down and abandoning module OnlineSubsystem (70)
[2018.08.31-12.25.49:751][729]LogModuleManager: Shutting down and abandoning module XMPP (65)
[2018.08.31-12.25.49:779][729]LogModuleManager: Shutting down and abandoning module WebSockets (64)
[2018.08.31-12.25.49:797][729]LogModuleManager: Shutting down and abandoning module HTTP (61)
[2018.08.31-12.25.49:808][729]LogHttp: Display: Http module shutting down, but needs to wait on 1 outstanding Http requests:
[2018.08.31-12.25.49:808][729]LogHttp: Display: 	verb=[POST] url=[https://datarouter.ol.epicgames.com/datarouter/api/v1/public/data?SessionID=%7B4F6E8A9A-44A3-EC36-F3F7-C294FF74AE6A%7D&AppID=UEEditor.Rocket.Release&AppVersion=4.20.2-4302132%2B%2B%2BUE4%2BRelease-4.20&UserID=6b7b0c9d4ae7080f718926b0c0e74592%7Ca8acd073419d4ba5af06128a796b67e5%7C16748a16-ac96-4a19-acf9-81021a0a2cc2&AppEnvironment=datacollector-binary&UploadType=eteventstream] status=Processing
[2018.08.31-12.25.49:829][729]LogModuleManager: Shutting down and abandoning module SSL (60)
[2018.08.31-12.25.49:862][729]LogModuleManager: Shutting down and abandoning module MagicLeapEmulator (56)
[2018.08.31-12.25.49:862][729]LogModuleManager: Shutting down and abandoning module MagicLeapPrivileges (54)
[2018.08.31-12.25.49:862][729]LogModuleManager: Shutting down and abandoning module MagicLeapIdentity (52)
[2018.08.31-12.25.49:862][729]LogModuleManager: Shutting down and abandoning module MagicLeapHelperVulkan (50)
[2018.08.31-12.25.49:862][729]LogModuleManager: Shutting down and abandoning module MagicLeapHelperOpenGL (48)
[2018.08.31-12.25.49:862][729]LogModuleManager: Shutting down and abandoning module MagicLeapSecureStorage (46)
[2018.08.31-12.25.49:862][729]LogModuleManager: Shutting down and abandoning module MagicLeapGestures (44)
[2018.08.31-12.25.49:862][729]LogModuleManager: Shutting down and abandoning module MagicLeapEyeTracker (42)
[2018.08.31-12.25.49:862][729]LogModuleManager: Shutting down and abandoning module MagicLeapController (40)
[2018.08.31-12.25.49:872][729]LogSlate: Slate User Destroyed.  User Index 0, Is Virtual User: 0
[2018.08.31-12.25.49:872][729]LogModuleManager: Shutting down and abandoning module MagicLeap (38)
[2018.08.31-12.25.49:872][729]LogModuleManager: Shutting down and abandoning module AnimationModifiers (36)
[2018.08.31-12.25.49:899][729]LogModuleManager: Shutting down and abandoning module PropertyEditor (35)
[2018.08.31-12.25.49:917][729]LogModuleManager: Shutting down and abandoning module AudioEditor (32)
[2018.08.31-12.25.49:946][729]LogModuleManager: Shutting down and abandoning module TextureCompressor (30)
[2018.08.31-12.25.49:970][729]LogModuleManager: Shutting down and abandoning module ShaderCore (28)
[2018.08.31-12.25.49:970][729]LogModuleManager: Shutting down and abandoning module Landscape (26)
[2018.08.31-12.25.49:970][729]LogModuleManager: Shutting down and abandoning module SlateRHIRenderer (24)
[2018.08.31-12.25.49:997][729]LogModuleManager: Shutting down and abandoning module OpenGLDrv (22)
[2018.08.31-12.25.50:066][729]LogModuleManager: Shutting down and abandoning module D3D11RHI (20)
[2018.08.31-12.25.50:066][729]LogModuleManager: Shutting down and abandoning module AnimGraphRuntime (18)
[2018.08.31-12.25.50:081][729]LogModuleManager: Shutting down and abandoning module Renderer (16)
[2018.08.31-12.25.50:081][729]LogModuleManager: Shutting down and abandoning module Engine (14)
[2018.08.31-12.25.50:081][729]LogModuleManager: Shutting down and abandoning module CoreUObject (12)
[2018.08.31-12.25.50:081][729]LogModuleManager: Shutting down and abandoning module NetworkFile (10)
[2018.08.31-12.25.50:097][729]LogModuleManager: Shutting down and abandoning module CookedIterativeFile (8)
[2018.08.31-12.25.50:097][729]LogModuleManager: Shutting down and abandoning module StreamingFile (6)
[2018.08.31-12.25.50:117][729]LogModuleManager: Shutting down and abandoning module SandboxFile (4)
[2018.08.31-12.25.50:117][729]LogModuleManager: Shutting down and abandoning module PakFile (2)
[2018.08.31-12.25.50:146][729]LogExit: Exiting.
[2018.08.31-12.25.50:159][729]Log file closed, 08/31/18 14:25:50
